<?xml version='1.0' encoding='UTF-8'?>
<testsuite hostname="Pau" name="kvstore.KVStoreSuite" tests="18" errors="0" failures="15" skipped="0" time="52.9">
                     <properties>
      <property name="jline.esc.timeout" value="0"/><property name="java.runtime.name" value="Java(TM) SE Runtime Environment"/><property name="idea.runid" value="2018.2"/><property name="sun.boot.library.path" value="C:\Program Files\Java\jdk1.8.0_161\jre\bin"/><property name="java.vm.version" value="25.161-b12"/><property name="java.vm.vendor" value="Oracle Corporation"/><property name="java.vendor.url" value="http://java.oracle.com/"/><property name="path.separator" value=";"/><property name="jna.loaded" value="true"/><property name="java.vm.name" value="Java HotSpot(TM) 64-Bit Server VM"/><property name="file.encoding.pkg" value="sun.io"/><property name="user.country" value="ES"/><property name="user.script" value=""/><property name="sun.java.launcher" value="SUN_STANDARD"/><property name="sun.os.patch.level" value=""/><property name="jna.nosys" value="true"/><property name="java.vm.specification.name" value="Java Virtual Machine Specification"/><property name="user.dir" value="C:\Users\pauisusanna\IdeaProjects\courses\reactive-systems\Handling Failure and State\kvstore"/><property name="java.runtime.version" value="1.8.0_161-b12"/><property name="java.awt.graphicsenv" value="sun.awt.Win32GraphicsEnvironment"/><property name="idea.managed" value="true"/><property name="java.endorsed.dirs" value="C:\Program Files\Java\jdk1.8.0_161\jre\lib\endorsed"/><property name="os.arch" value="amd64"/><property name="java.io.tmpdir" value="C:\Users\PAUISU~1\AppData\Local\Temp\"/><property name="line.separator" value="
"/><property name="java.vm.specification.vendor" value="Oracle Corporation"/><property name="user.variant" value=""/><property name="os.name" value="Windows 8.1"/><property name="sun.jnu.encoding" value="Cp1252"/><property name="jnidispatch.path" value="C:\Users\PAUISU~1\AppData\Local\Temp\jna--1541790580\jna6133510881493542114.dll"/><property name="java.library.path" value="C:\Program Files\Java\jdk1.8.0_161\bin;C:\WINDOWS\Sun\Java\bin;C:\WINDOWS\system32;C:\WINDOWS;C:\Program Files (x86)\sbt\bin;C:\ProgramData\Oracle\Java\javapath;C:\Program Files (x86)\Lenovo\FusionEngine;C:\Program Files (x86)\Intel\iCLS Client\;C:\Program Files\Intel\iCLS Client\;C:\Program Files (x86)\NVIDIA Corporation\PhysX\Common;C:\WINDOWS\system32;C:\WINDOWS;C:\WINDOWS\System32\Wbem;C:\WINDOWS\System32\WindowsPowerShell\v1.0\;C:\Program Files\Intel\Intel(R) Management Engine Components\DAL;C:\Program Files\Intel\Intel(R) Management Engine Components\IPT;C:\Program Files (x86)\Intel\Intel(R) Management Engine Components\DAL;C:\Program Files (x86)\Intel\Intel(R) Management Engine Components\IPT;C:\Program Files\Lenovo\Bluetooth Software\;C:\Program Files\Lenovo\Bluetooth Software\syswow64;C:\Program Files (x86)\Common Files\lenovo\easyplussdk\bin;C:\Program Files (x86)\Common Files\Adobe\AGL;C:\Program Files (x86)\Skype\Phone\;C:\Program Files (x86)\sbt\bin;C:\Program Files (x86)\scala\bin;C:\Program Files\Git\cmd;C:\Program Files\PuTTY\;C:\Spark\spark-2.4.0-bin-hadoop2.7\bin;C:\Users\pauisusanna\AppData\Local\Programs\Python\Python37-32\Scripts\;C:\Users\pauisusanna\AppData\Local\Programs\Python\Python37-32\;C:\Program Files (x86)\sbt\bin;C:\Users\pauisusanna\AppData\Local\GitHubDesktop\bin;C:\Program Files\Microsoft VS Code\bin;."/><property name="java.specification.name" value="Java Platform API Specification"/><property name="java.class.version" value="52.0"/><property name="sun.management.compiler" value="HotSpot 64-Bit Tiered Compilers"/><property name="os.version" value="6.3"/><property name="user.home" value="C:\Users\pauisusanna"/><property name="user.timezone" value="EET"/><property name="java.awt.printerjob" value="sun.awt.windows.WPrinterJob"/><property name="file.encoding" value="UTF-8"/><property name="java.specification.version" value="1.8"/><property name="java.class.path" value="C:\Users\pauisusanna\.IdeaIC2018.2\config\plugins\Scala\launcher\sbt-launch.jar"/><property name="user.name" value="pauisusanna"/><property name="jline.shutdownhook" value="false"/><property name="java.vm.specification.version" value="1.8"/><property name="sun.java.command" value="C:\Users\pauisusanna\.IdeaIC2018.2\config\plugins\Scala\launcher\sbt-launch.jar idea-shell"/><property name="java.home" value="C:\Program Files\Java\jdk1.8.0_161\jre"/><property name="sun.arch.data.model" value="64"/><property name="user.language" value="es"/><property name="java.specification.vendor" value="Oracle Corporation"/><property name="awt.toolkit" value="sun.awt.windows.WToolkit"/><property name="java.vm.info" value="mixed mode"/><property name="java.version" value="1.8.0_161"/><property name="java.ext.dirs" value="C:\Program Files\Java\jdk1.8.0_161\jre\lib\ext;C:\WINDOWS\Sun\Java\lib\ext"/><property name="sun.boot.class.path" value="C:\Program Files\Java\jdk1.8.0_161\jre\lib\resources.jar;C:\Program Files\Java\jdk1.8.0_161\jre\lib\rt.jar;C:\Program Files\Java\jdk1.8.0_161\jre\lib\sunrsasign.jar;C:\Program Files\Java\jdk1.8.0_161\jre\lib\jsse.jar;C:\Program Files\Java\jdk1.8.0_161\jre\lib\jce.jar;C:\Program Files\Java\jdk1.8.0_161\jre\lib\charsets.jar;C:\Program Files\Java\jdk1.8.0_161\jre\lib\jfr.jar;C:\Program Files\Java\jdk1.8.0_161\jre\classes"/><property name="java.vendor" value="Oracle Corporation"/><property name="sun.stderr.encoding" value="cp850"/><property name="file.separator" value="\"/><property name="java.vendor.url.bug" value="http://bugreport.sun.com/bugreport/"/><property name="sun.io.unicode.encoding" value="UnicodeLittle"/><property name="sun.cpu.endian" value="little"/><property name="sun.stdout.encoding" value="cp850"/><property name="sun.desktop" value="windows"/><property name="sun.cpu.isalist" value="amd64"/>
    </properties>
                     <testcase classname="kvstore.KVStoreSuite" name="Step1-case1: Primary (in isolation) should properly register itself to the provided Arbiter" time="0.113">
                                                 
                                               </testcase><testcase classname="kvstore.KVStoreSuite" name="Step1-case2: Primary (in isolation) should react properly to Insert, Remove, Get" time="0.034">
                                                 
                                               </testcase><testcase classname="kvstore.KVStoreSuite" name="Step2-case1: Secondary (in isolation) should properly register itself to the provided Arbiter" time="0.011">
                                                 
                                               </testcase><testcase classname="kvstore.KVStoreSuite" name="Step2-case2: Secondary (in isolation) must handle Snapshots" time="5.046">
                                                 <failure message="assertion failed: timeout (5 seconds) during expectMsgClass waiting for class kvstore.Replica$GetResult" type="java.lang.AssertionError">java.lang.AssertionError: assertion failed: timeout (5 seconds) during expectMsgClass waiting for class kvstore.Replica$GetResult
	at scala.Predef$.assert(Predef.scala:170)
	at akka.testkit.TestKitBase$class.expectMsgClass_internal(TestKit.scala:509)
	at akka.testkit.TestKitBase$class.expectMsgType(TestKit.scala:491)
	at akka.testkit.TestKit.expectMsgType(TestKit.scala:896)
	at kvstore.Tools$Session.get(Tools.scala:81)
	at kvstore.Step2_SecondarySpec$$anonfun$2.apply(Step2_SecondarySpec.scala:34)
	at kvstore.Step2_SecondarySpec$$anonfun$2.apply(Step2_SecondarySpec.scala:23)
	at org.scalatest.OutcomeOf$class.outcomeOf(OutcomeOf.scala:85)
	at org.scalatest.OutcomeOf$.outcomeOf(OutcomeOf.scala:104)
	at org.scalatest.Transformer.apply(Transformer.scala:22)
	at org.scalatest.Transformer.apply(Transformer.scala:20)
	at org.scalatest.FunSuiteLike$$anon$1.apply(FunSuiteLike.scala:186)
	at org.scalatest.TestSuite$class.withFixture(TestSuite.scala:196)
	at kvstore.KVStoreSuite.withFixture(KVStoreSuite.scala:7)
	at org.scalatest.FunSuiteLike$class.invokeWithFixture$1(FunSuiteLike.scala:183)
	at org.scalatest.FunSuiteLike$$anonfun$runTest$1.apply(FunSuiteLike.scala:196)
	at org.scalatest.FunSuiteLike$$anonfun$runTest$1.apply(FunSuiteLike.scala:196)
	at org.scalatest.SuperEngine.runTestImpl(Engine.scala:289)
	at org.scalatest.FunSuiteLike$class.runTest(FunSuiteLike.scala:196)
	at kvstore.KVStoreSuite.runTest(KVStoreSuite.scala:7)
	at org.scalatest.FunSuiteLike$$anonfun$runTests$1.apply(FunSuiteLike.scala:229)
	at org.scalatest.FunSuiteLike$$anonfun$runTests$1.apply(FunSuiteLike.scala:229)
	at org.scalatest.SuperEngine$$anonfun$traverseSubNodes$1$1.apply(Engine.scala:396)
	at org.scalatest.SuperEngine$$anonfun$traverseSubNodes$1$1.apply(Engine.scala:384)
	at scala.collection.immutable.List.foreach(List.scala:392)
	at org.scalatest.SuperEngine.traverseSubNodes$1(Engine.scala:384)
	at org.scalatest.SuperEngine.org$scalatest$SuperEngine$$runTestsInBranch(Engine.scala:379)
	at org.scalatest.SuperEngine.runTestsImpl(Engine.scala:461)
	at org.scalatest.FunSuiteLike$class.runTests(FunSuiteLike.scala:229)
	at kvstore.KVStoreSuite.runTests(KVStoreSuite.scala:7)
	at org.scalatest.Suite$class.run(Suite.scala:1147)
	at kvstore.KVStoreSuite.org$scalatest$FunSuiteLike$$super$run(KVStoreSuite.scala:7)
	at org.scalatest.FunSuiteLike$$anonfun$run$1.apply(FunSuiteLike.scala:233)
	at org.scalatest.FunSuiteLike$$anonfun$run$1.apply(FunSuiteLike.scala:233)
	at org.scalatest.SuperEngine.runImpl(Engine.scala:521)
	at org.scalatest.FunSuiteLike$class.run(FunSuiteLike.scala:233)
	at kvstore.KVStoreSuite.org$scalatest$BeforeAndAfterAll$$super$run(KVStoreSuite.scala:7)
	at org.scalatest.BeforeAndAfterAll$class.liftedTree1$1(BeforeAndAfterAll.scala:213)
	at org.scalatest.BeforeAndAfterAll$class.run(BeforeAndAfterAll.scala:210)
	at kvstore.KVStoreSuite.run(KVStoreSuite.scala:7)
	at org.scalatest.tools.Framework.org$scalatest$tools$Framework$$runSuite(Framework.scala:314)
	at org.scalatest.tools.Framework$ScalaTestTask.execute(Framework.scala:480)
	at sbt.TestRunner.runTest$1(TestFramework.scala:106)
	at sbt.TestRunner.run(TestFramework.scala:117)
	at sbt.TestFramework$$anon$2$$anonfun$$lessinit$greater$1.$anonfun$apply$1(TestFramework.scala:262)
	at sbt.TestFramework$.sbt$TestFramework$$withContextLoader(TestFramework.scala:233)
	at sbt.TestFramework$$anon$2$$anonfun$$lessinit$greater$1.apply(TestFramework.scala:262)
	at sbt.TestFramework$$anon$2$$anonfun$$lessinit$greater$1.apply(TestFramework.scala:262)
	at sbt.TestFunction.apply(TestFramework.scala:271)
	at sbt.Tests$.processRunnable$1(Tests.scala:307)
	at sbt.Tests$.$anonfun$makeSerial$1(Tests.scala:313)
	at sbt.std.Transform$$anon$3.$anonfun$apply$2(System.scala:46)
	at sbt.std.Transform$$anon$4.work(System.scala:66)
	at sbt.Execute.$anonfun$submit$2(Execute.scala:263)
	at sbt.internal.util.ErrorHandling$.wideConvert(ErrorHandling.scala:16)
	at sbt.Execute.work(Execute.scala:272)
	at sbt.Execute.$anonfun$submit$1(Execute.scala:263)
	at sbt.ConcurrentRestrictions$$anon$4.$anonfun$submitValid$1(ConcurrentRestrictions.scala:174)
	at sbt.CompletionService$$anon$2.call(CompletionService.scala:37)
	at java.util.concurrent.FutureTask.run(FutureTask.java:266)
	at java.util.concurrent.Executors$RunnableAdapter.call(Executors.java:511)
	at java.util.concurrent.FutureTask.run(FutureTask.java:266)
	at java.util.concurrent.ThreadPoolExecutor.runWorker(ThreadPoolExecutor.java:1149)
	at java.util.concurrent.ThreadPoolExecutor$Worker.run(ThreadPoolExecutor.java:624)
	at java.lang.Thread.run(Thread.java:748)
</failure>
                                               </testcase><testcase classname="kvstore.KVStoreSuite" name="Step2-case3: Secondary should drop and immediately ack snapshots with older sequence numbers" time="5.032">
                                                 <failure message="assertion failed: timeout (5 seconds) during expectMsgClass waiting for class kvstore.Replica$GetResult" type="java.lang.AssertionError">java.lang.AssertionError: assertion failed: timeout (5 seconds) during expectMsgClass waiting for class kvstore.Replica$GetResult
	at scala.Predef$.assert(Predef.scala:170)
	at akka.testkit.TestKitBase$class.expectMsgClass_internal(TestKit.scala:509)
	at akka.testkit.TestKitBase$class.expectMsgType(TestKit.scala:491)
	at akka.testkit.TestKit.expectMsgType(TestKit.scala:896)
	at kvstore.Tools$Session.get(Tools.scala:81)
	at kvstore.Step2_SecondarySpec$$anonfun$3.apply(Step2_SecondarySpec.scala:60)
	at kvstore.Step2_SecondarySpec$$anonfun$3.apply(Step2_SecondarySpec.scala:49)
	at org.scalatest.OutcomeOf$class.outcomeOf(OutcomeOf.scala:85)
	at org.scalatest.OutcomeOf$.outcomeOf(OutcomeOf.scala:104)
	at org.scalatest.Transformer.apply(Transformer.scala:22)
	at org.scalatest.Transformer.apply(Transformer.scala:20)
	at org.scalatest.FunSuiteLike$$anon$1.apply(FunSuiteLike.scala:186)
	at org.scalatest.TestSuite$class.withFixture(TestSuite.scala:196)
	at kvstore.KVStoreSuite.withFixture(KVStoreSuite.scala:7)
	at org.scalatest.FunSuiteLike$class.invokeWithFixture$1(FunSuiteLike.scala:183)
	at org.scalatest.FunSuiteLike$$anonfun$runTest$1.apply(FunSuiteLike.scala:196)
	at org.scalatest.FunSuiteLike$$anonfun$runTest$1.apply(FunSuiteLike.scala:196)
	at org.scalatest.SuperEngine.runTestImpl(Engine.scala:289)
	at org.scalatest.FunSuiteLike$class.runTest(FunSuiteLike.scala:196)
	at kvstore.KVStoreSuite.runTest(KVStoreSuite.scala:7)
	at org.scalatest.FunSuiteLike$$anonfun$runTests$1.apply(FunSuiteLike.scala:229)
	at org.scalatest.FunSuiteLike$$anonfun$runTests$1.apply(FunSuiteLike.scala:229)
	at org.scalatest.SuperEngine$$anonfun$traverseSubNodes$1$1.apply(Engine.scala:396)
	at org.scalatest.SuperEngine$$anonfun$traverseSubNodes$1$1.apply(Engine.scala:384)
	at scala.collection.immutable.List.foreach(List.scala:392)
	at org.scalatest.SuperEngine.traverseSubNodes$1(Engine.scala:384)
	at org.scalatest.SuperEngine.org$scalatest$SuperEngine$$runTestsInBranch(Engine.scala:379)
	at org.scalatest.SuperEngine.runTestsImpl(Engine.scala:461)
	at org.scalatest.FunSuiteLike$class.runTests(FunSuiteLike.scala:229)
	at kvstore.KVStoreSuite.runTests(KVStoreSuite.scala:7)
	at org.scalatest.Suite$class.run(Suite.scala:1147)
	at kvstore.KVStoreSuite.org$scalatest$FunSuiteLike$$super$run(KVStoreSuite.scala:7)
	at org.scalatest.FunSuiteLike$$anonfun$run$1.apply(FunSuiteLike.scala:233)
	at org.scalatest.FunSuiteLike$$anonfun$run$1.apply(FunSuiteLike.scala:233)
	at org.scalatest.SuperEngine.runImpl(Engine.scala:521)
	at org.scalatest.FunSuiteLike$class.run(FunSuiteLike.scala:233)
	at kvstore.KVStoreSuite.org$scalatest$BeforeAndAfterAll$$super$run(KVStoreSuite.scala:7)
	at org.scalatest.BeforeAndAfterAll$class.liftedTree1$1(BeforeAndAfterAll.scala:213)
	at org.scalatest.BeforeAndAfterAll$class.run(BeforeAndAfterAll.scala:210)
	at kvstore.KVStoreSuite.run(KVStoreSuite.scala:7)
	at org.scalatest.tools.Framework.org$scalatest$tools$Framework$$runSuite(Framework.scala:314)
	at org.scalatest.tools.Framework$ScalaTestTask.execute(Framework.scala:480)
	at sbt.TestRunner.runTest$1(TestFramework.scala:106)
	at sbt.TestRunner.run(TestFramework.scala:117)
	at sbt.TestFramework$$anon$2$$anonfun$$lessinit$greater$1.$anonfun$apply$1(TestFramework.scala:262)
	at sbt.TestFramework$.sbt$TestFramework$$withContextLoader(TestFramework.scala:233)
	at sbt.TestFramework$$anon$2$$anonfun$$lessinit$greater$1.apply(TestFramework.scala:262)
	at sbt.TestFramework$$anon$2$$anonfun$$lessinit$greater$1.apply(TestFramework.scala:262)
	at sbt.TestFunction.apply(TestFramework.scala:271)
	at sbt.Tests$.processRunnable$1(Tests.scala:307)
	at sbt.Tests$.$anonfun$makeSerial$1(Tests.scala:313)
	at sbt.std.Transform$$anon$3.$anonfun$apply$2(System.scala:46)
	at sbt.std.Transform$$anon$4.work(System.scala:66)
	at sbt.Execute.$anonfun$submit$2(Execute.scala:263)
	at sbt.internal.util.ErrorHandling$.wideConvert(ErrorHandling.scala:16)
	at sbt.Execute.work(Execute.scala:272)
	at sbt.Execute.$anonfun$submit$1(Execute.scala:263)
	at sbt.ConcurrentRestrictions$$anon$4.$anonfun$submitValid$1(ConcurrentRestrictions.scala:174)
	at sbt.CompletionService$$anon$2.call(CompletionService.scala:37)
	at java.util.concurrent.FutureTask.run(FutureTask.java:266)
	at java.util.concurrent.Executors$RunnableAdapter.call(Executors.java:511)
	at java.util.concurrent.FutureTask.run(FutureTask.java:266)
	at java.util.concurrent.ThreadPoolExecutor.runWorker(ThreadPoolExecutor.java:1149)
	at java.util.concurrent.ThreadPoolExecutor$Worker.run(ThreadPoolExecutor.java:624)
	at java.lang.Thread.run(Thread.java:748)
</failure>
                                               </testcase><testcase classname="kvstore.KVStoreSuite" name="Step2-case4: Secondary should drop snapshots with future sequence numbers" time="5.033">
                                                 <failure message="assertion failed: timeout (5 seconds) during expectMsgClass waiting for class kvstore.Replica$GetResult" type="java.lang.AssertionError">java.lang.AssertionError: assertion failed: timeout (5 seconds) during expectMsgClass waiting for class kvstore.Replica$GetResult
	at scala.Predef$.assert(Predef.scala:170)
	at akka.testkit.TestKitBase$class.expectMsgClass_internal(TestKit.scala:509)
	at akka.testkit.TestKitBase$class.expectMsgType(TestKit.scala:491)
	at akka.testkit.TestKit.expectMsgType(TestKit.scala:896)
	at kvstore.Tools$Session.get(Tools.scala:81)
	at kvstore.Step2_SecondarySpec$$anonfun$4.apply(Step2_SecondarySpec.scala:90)
	at kvstore.Step2_SecondarySpec$$anonfun$4.apply(Step2_SecondarySpec.scala:79)
	at org.scalatest.OutcomeOf$class.outcomeOf(OutcomeOf.scala:85)
	at org.scalatest.OutcomeOf$.outcomeOf(OutcomeOf.scala:104)
	at org.scalatest.Transformer.apply(Transformer.scala:22)
	at org.scalatest.Transformer.apply(Transformer.scala:20)
	at org.scalatest.FunSuiteLike$$anon$1.apply(FunSuiteLike.scala:186)
	at org.scalatest.TestSuite$class.withFixture(TestSuite.scala:196)
	at kvstore.KVStoreSuite.withFixture(KVStoreSuite.scala:7)
	at org.scalatest.FunSuiteLike$class.invokeWithFixture$1(FunSuiteLike.scala:183)
	at org.scalatest.FunSuiteLike$$anonfun$runTest$1.apply(FunSuiteLike.scala:196)
	at org.scalatest.FunSuiteLike$$anonfun$runTest$1.apply(FunSuiteLike.scala:196)
	at org.scalatest.SuperEngine.runTestImpl(Engine.scala:289)
	at org.scalatest.FunSuiteLike$class.runTest(FunSuiteLike.scala:196)
	at kvstore.KVStoreSuite.runTest(KVStoreSuite.scala:7)
	at org.scalatest.FunSuiteLike$$anonfun$runTests$1.apply(FunSuiteLike.scala:229)
	at org.scalatest.FunSuiteLike$$anonfun$runTests$1.apply(FunSuiteLike.scala:229)
	at org.scalatest.SuperEngine$$anonfun$traverseSubNodes$1$1.apply(Engine.scala:396)
	at org.scalatest.SuperEngine$$anonfun$traverseSubNodes$1$1.apply(Engine.scala:384)
	at scala.collection.immutable.List.foreach(List.scala:392)
	at org.scalatest.SuperEngine.traverseSubNodes$1(Engine.scala:384)
	at org.scalatest.SuperEngine.org$scalatest$SuperEngine$$runTestsInBranch(Engine.scala:379)
	at org.scalatest.SuperEngine.runTestsImpl(Engine.scala:461)
	at org.scalatest.FunSuiteLike$class.runTests(FunSuiteLike.scala:229)
	at kvstore.KVStoreSuite.runTests(KVStoreSuite.scala:7)
	at org.scalatest.Suite$class.run(Suite.scala:1147)
	at kvstore.KVStoreSuite.org$scalatest$FunSuiteLike$$super$run(KVStoreSuite.scala:7)
	at org.scalatest.FunSuiteLike$$anonfun$run$1.apply(FunSuiteLike.scala:233)
	at org.scalatest.FunSuiteLike$$anonfun$run$1.apply(FunSuiteLike.scala:233)
	at org.scalatest.SuperEngine.runImpl(Engine.scala:521)
	at org.scalatest.FunSuiteLike$class.run(FunSuiteLike.scala:233)
	at kvstore.KVStoreSuite.org$scalatest$BeforeAndAfterAll$$super$run(KVStoreSuite.scala:7)
	at org.scalatest.BeforeAndAfterAll$class.liftedTree1$1(BeforeAndAfterAll.scala:213)
	at org.scalatest.BeforeAndAfterAll$class.run(BeforeAndAfterAll.scala:210)
	at kvstore.KVStoreSuite.run(KVStoreSuite.scala:7)
	at org.scalatest.tools.Framework.org$scalatest$tools$Framework$$runSuite(Framework.scala:314)
	at org.scalatest.tools.Framework$ScalaTestTask.execute(Framework.scala:480)
	at sbt.TestRunner.runTest$1(TestFramework.scala:106)
	at sbt.TestRunner.run(TestFramework.scala:117)
	at sbt.TestFramework$$anon$2$$anonfun$$lessinit$greater$1.$anonfun$apply$1(TestFramework.scala:262)
	at sbt.TestFramework$.sbt$TestFramework$$withContextLoader(TestFramework.scala:233)
	at sbt.TestFramework$$anon$2$$anonfun$$lessinit$greater$1.apply(TestFramework.scala:262)
	at sbt.TestFramework$$anon$2$$anonfun$$lessinit$greater$1.apply(TestFramework.scala:262)
	at sbt.TestFunction.apply(TestFramework.scala:271)
	at sbt.Tests$.processRunnable$1(Tests.scala:307)
	at sbt.Tests$.$anonfun$makeSerial$1(Tests.scala:313)
	at sbt.std.Transform$$anon$3.$anonfun$apply$2(System.scala:46)
	at sbt.std.Transform$$anon$4.work(System.scala:66)
	at sbt.Execute.$anonfun$submit$2(Execute.scala:263)
	at sbt.internal.util.ErrorHandling$.wideConvert(ErrorHandling.scala:16)
	at sbt.Execute.work(Execute.scala:272)
	at sbt.Execute.$anonfun$submit$1(Execute.scala:263)
	at sbt.ConcurrentRestrictions$$anon$4.$anonfun$submitValid$1(ConcurrentRestrictions.scala:174)
	at sbt.CompletionService$$anon$2.call(CompletionService.scala:37)
	at java.util.concurrent.FutureTask.run(FutureTask.java:266)
	at java.util.concurrent.Executors$RunnableAdapter.call(Executors.java:511)
	at java.util.concurrent.FutureTask.run(FutureTask.java:266)
	at java.util.concurrent.ThreadPoolExecutor.runWorker(ThreadPoolExecutor.java:1149)
	at java.util.concurrent.ThreadPoolExecutor$Worker.run(ThreadPoolExecutor.java:624)
	at java.lang.Thread.run(Thread.java:748)
</failure>
                                               </testcase><testcase classname="kvstore.KVStoreSuite" name="Step3-case1: Replicator should send snapshots when asked to replicate" time="3.034">
                                                 <failure message="assertion failed: timeout (3 seconds) during expectMsg while waiting for Snapshot(k1,Some(v1),0)" type="java.lang.AssertionError">java.lang.AssertionError: assertion failed: timeout (3 seconds) during expectMsg while waiting for Snapshot(k1,Some(v1),0)
	at scala.Predef$.assert(Predef.scala:170)
	at akka.testkit.TestKitBase$class.expectMsg_internal(TestKit.scala:402)
	at akka.testkit.TestKitBase$class.expectMsg(TestKit.scala:379)
	at akka.testkit.TestKit.expectMsg(TestKit.scala:896)
	at kvstore.Tools$class.expectAtLeastOneSnapshot(Tools.scala:97)
	at kvstore.KVStoreSuite.expectAtLeastOneSnapshot(KVStoreSuite.scala:7)
	at kvstore.Step3_ReplicatorSpec$$anonfun$2.apply(Step3_ReplicatorSpec.scala:19)
	at kvstore.Step3_ReplicatorSpec$$anonfun$2.apply(Step3_ReplicatorSpec.scala:13)
	at org.scalatest.OutcomeOf$class.outcomeOf(OutcomeOf.scala:85)
	at org.scalatest.OutcomeOf$.outcomeOf(OutcomeOf.scala:104)
	at org.scalatest.Transformer.apply(Transformer.scala:22)
	at org.scalatest.Transformer.apply(Transformer.scala:20)
	at org.scalatest.FunSuiteLike$$anon$1.apply(FunSuiteLike.scala:186)
	at org.scalatest.TestSuite$class.withFixture(TestSuite.scala:196)
	at kvstore.KVStoreSuite.withFixture(KVStoreSuite.scala:7)
	at org.scalatest.FunSuiteLike$class.invokeWithFixture$1(FunSuiteLike.scala:183)
	at org.scalatest.FunSuiteLike$$anonfun$runTest$1.apply(FunSuiteLike.scala:196)
	at org.scalatest.FunSuiteLike$$anonfun$runTest$1.apply(FunSuiteLike.scala:196)
	at org.scalatest.SuperEngine.runTestImpl(Engine.scala:289)
	at org.scalatest.FunSuiteLike$class.runTest(FunSuiteLike.scala:196)
	at kvstore.KVStoreSuite.runTest(KVStoreSuite.scala:7)
	at org.scalatest.FunSuiteLike$$anonfun$runTests$1.apply(FunSuiteLike.scala:229)
	at org.scalatest.FunSuiteLike$$anonfun$runTests$1.apply(FunSuiteLike.scala:229)
	at org.scalatest.SuperEngine$$anonfun$traverseSubNodes$1$1.apply(Engine.scala:396)
	at org.scalatest.SuperEngine$$anonfun$traverseSubNodes$1$1.apply(Engine.scala:384)
	at scala.collection.immutable.List.foreach(List.scala:392)
	at org.scalatest.SuperEngine.traverseSubNodes$1(Engine.scala:384)
	at org.scalatest.SuperEngine.org$scalatest$SuperEngine$$runTestsInBranch(Engine.scala:379)
	at org.scalatest.SuperEngine.runTestsImpl(Engine.scala:461)
	at org.scalatest.FunSuiteLike$class.runTests(FunSuiteLike.scala:229)
	at kvstore.KVStoreSuite.runTests(KVStoreSuite.scala:7)
	at org.scalatest.Suite$class.run(Suite.scala:1147)
	at kvstore.KVStoreSuite.org$scalatest$FunSuiteLike$$super$run(KVStoreSuite.scala:7)
	at org.scalatest.FunSuiteLike$$anonfun$run$1.apply(FunSuiteLike.scala:233)
	at org.scalatest.FunSuiteLike$$anonfun$run$1.apply(FunSuiteLike.scala:233)
	at org.scalatest.SuperEngine.runImpl(Engine.scala:521)
	at org.scalatest.FunSuiteLike$class.run(FunSuiteLike.scala:233)
	at kvstore.KVStoreSuite.org$scalatest$BeforeAndAfterAll$$super$run(KVStoreSuite.scala:7)
	at org.scalatest.BeforeAndAfterAll$class.liftedTree1$1(BeforeAndAfterAll.scala:213)
	at org.scalatest.BeforeAndAfterAll$class.run(BeforeAndAfterAll.scala:210)
	at kvstore.KVStoreSuite.run(KVStoreSuite.scala:7)
	at org.scalatest.tools.Framework.org$scalatest$tools$Framework$$runSuite(Framework.scala:314)
	at org.scalatest.tools.Framework$ScalaTestTask.execute(Framework.scala:480)
	at sbt.TestRunner.runTest$1(TestFramework.scala:106)
	at sbt.TestRunner.run(TestFramework.scala:117)
	at sbt.TestFramework$$anon$2$$anonfun$$lessinit$greater$1.$anonfun$apply$1(TestFramework.scala:262)
	at sbt.TestFramework$.sbt$TestFramework$$withContextLoader(TestFramework.scala:233)
	at sbt.TestFramework$$anon$2$$anonfun$$lessinit$greater$1.apply(TestFramework.scala:262)
	at sbt.TestFramework$$anon$2$$anonfun$$lessinit$greater$1.apply(TestFramework.scala:262)
	at sbt.TestFunction.apply(TestFramework.scala:271)
	at sbt.Tests$.processRunnable$1(Tests.scala:307)
	at sbt.Tests$.$anonfun$makeSerial$1(Tests.scala:313)
	at sbt.std.Transform$$anon$3.$anonfun$apply$2(System.scala:46)
	at sbt.std.Transform$$anon$4.work(System.scala:66)
	at sbt.Execute.$anonfun$submit$2(Execute.scala:263)
	at sbt.internal.util.ErrorHandling$.wideConvert(ErrorHandling.scala:16)
	at sbt.Execute.work(Execute.scala:272)
	at sbt.Execute.$anonfun$submit$1(Execute.scala:263)
	at sbt.ConcurrentRestrictions$$anon$4.$anonfun$submitValid$1(ConcurrentRestrictions.scala:174)
	at sbt.CompletionService$$anon$2.call(CompletionService.scala:37)
	at java.util.concurrent.FutureTask.run(FutureTask.java:266)
	at java.util.concurrent.Executors$RunnableAdapter.call(Executors.java:511)
	at java.util.concurrent.FutureTask.run(FutureTask.java:266)
	at java.util.concurrent.ThreadPoolExecutor.runWorker(ThreadPoolExecutor.java:1149)
	at java.util.concurrent.ThreadPoolExecutor$Worker.run(ThreadPoolExecutor.java:624)
	at java.lang.Thread.run(Thread.java:748)
</failure>
                                               </testcase><testcase classname="kvstore.KVStoreSuite" name="Step3-case2: Replicator should retry until acknowledged by secondary" time="3.024">
                                                 <failure message="assertion failed: timeout (3 seconds) during expectMsg while waiting for Snapshot(k1,Some(v1),0)" type="java.lang.AssertionError">java.lang.AssertionError: assertion failed: timeout (3 seconds) during expectMsg while waiting for Snapshot(k1,Some(v1),0)
	at scala.Predef$.assert(Predef.scala:170)
	at akka.testkit.TestKitBase$class.expectMsg_internal(TestKit.scala:402)
	at akka.testkit.TestKitBase$class.expectMsg(TestKit.scala:379)
	at akka.testkit.TestKit.expectMsg(TestKit.scala:896)
	at kvstore.Step3_ReplicatorSpec$$anonfun$1.apply$mcV$sp(Step3_ReplicatorSpec.scala:41)
	at kvstore.Step3_ReplicatorSpec$$anonfun$1.apply(Step3_ReplicatorSpec.scala:35)
	at kvstore.Step3_ReplicatorSpec$$anonfun$1.apply(Step3_ReplicatorSpec.scala:35)
	at org.scalatest.OutcomeOf$class.outcomeOf(OutcomeOf.scala:85)
	at org.scalatest.OutcomeOf$.outcomeOf(OutcomeOf.scala:104)
	at org.scalatest.Transformer.apply(Transformer.scala:22)
	at org.scalatest.Transformer.apply(Transformer.scala:20)
	at org.scalatest.FunSuiteLike$$anon$1.apply(FunSuiteLike.scala:186)
	at org.scalatest.TestSuite$class.withFixture(TestSuite.scala:196)
	at kvstore.KVStoreSuite.withFixture(KVStoreSuite.scala:7)
	at org.scalatest.FunSuiteLike$class.invokeWithFixture$1(FunSuiteLike.scala:183)
	at org.scalatest.FunSuiteLike$$anonfun$runTest$1.apply(FunSuiteLike.scala:196)
	at org.scalatest.FunSuiteLike$$anonfun$runTest$1.apply(FunSuiteLike.scala:196)
	at org.scalatest.SuperEngine.runTestImpl(Engine.scala:289)
	at org.scalatest.FunSuiteLike$class.runTest(FunSuiteLike.scala:196)
	at kvstore.KVStoreSuite.runTest(KVStoreSuite.scala:7)
	at org.scalatest.FunSuiteLike$$anonfun$runTests$1.apply(FunSuiteLike.scala:229)
	at org.scalatest.FunSuiteLike$$anonfun$runTests$1.apply(FunSuiteLike.scala:229)
	at org.scalatest.SuperEngine$$anonfun$traverseSubNodes$1$1.apply(Engine.scala:396)
	at org.scalatest.SuperEngine$$anonfun$traverseSubNodes$1$1.apply(Engine.scala:384)
	at scala.collection.immutable.List.foreach(List.scala:392)
	at org.scalatest.SuperEngine.traverseSubNodes$1(Engine.scala:384)
	at org.scalatest.SuperEngine.org$scalatest$SuperEngine$$runTestsInBranch(Engine.scala:379)
	at org.scalatest.SuperEngine.runTestsImpl(Engine.scala:461)
	at org.scalatest.FunSuiteLike$class.runTests(FunSuiteLike.scala:229)
	at kvstore.KVStoreSuite.runTests(KVStoreSuite.scala:7)
	at org.scalatest.Suite$class.run(Suite.scala:1147)
	at kvstore.KVStoreSuite.org$scalatest$FunSuiteLike$$super$run(KVStoreSuite.scala:7)
	at org.scalatest.FunSuiteLike$$anonfun$run$1.apply(FunSuiteLike.scala:233)
	at org.scalatest.FunSuiteLike$$anonfun$run$1.apply(FunSuiteLike.scala:233)
	at org.scalatest.SuperEngine.runImpl(Engine.scala:521)
	at org.scalatest.FunSuiteLike$class.run(FunSuiteLike.scala:233)
	at kvstore.KVStoreSuite.org$scalatest$BeforeAndAfterAll$$super$run(KVStoreSuite.scala:7)
	at org.scalatest.BeforeAndAfterAll$class.liftedTree1$1(BeforeAndAfterAll.scala:213)
	at org.scalatest.BeforeAndAfterAll$class.run(BeforeAndAfterAll.scala:210)
	at kvstore.KVStoreSuite.run(KVStoreSuite.scala:7)
	at org.scalatest.tools.Framework.org$scalatest$tools$Framework$$runSuite(Framework.scala:314)
	at org.scalatest.tools.Framework$ScalaTestTask.execute(Framework.scala:480)
	at sbt.TestRunner.runTest$1(TestFramework.scala:106)
	at sbt.TestRunner.run(TestFramework.scala:117)
	at sbt.TestFramework$$anon$2$$anonfun$$lessinit$greater$1.$anonfun$apply$1(TestFramework.scala:262)
	at sbt.TestFramework$.sbt$TestFramework$$withContextLoader(TestFramework.scala:233)
	at sbt.TestFramework$$anon$2$$anonfun$$lessinit$greater$1.apply(TestFramework.scala:262)
	at sbt.TestFramework$$anon$2$$anonfun$$lessinit$greater$1.apply(TestFramework.scala:262)
	at sbt.TestFunction.apply(TestFramework.scala:271)
	at sbt.Tests$.processRunnable$1(Tests.scala:307)
	at sbt.Tests$.$anonfun$makeSerial$1(Tests.scala:313)
	at sbt.std.Transform$$anon$3.$anonfun$apply$2(System.scala:46)
	at sbt.std.Transform$$anon$4.work(System.scala:66)
	at sbt.Execute.$anonfun$submit$2(Execute.scala:263)
	at sbt.internal.util.ErrorHandling$.wideConvert(ErrorHandling.scala:16)
	at sbt.Execute.work(Execute.scala:272)
	at sbt.Execute.$anonfun$submit$1(Execute.scala:263)
	at sbt.ConcurrentRestrictions$$anon$4.$anonfun$submitValid$1(ConcurrentRestrictions.scala:174)
	at sbt.CompletionService$$anon$2.call(CompletionService.scala:37)
	at java.util.concurrent.FutureTask.run(FutureTask.java:266)
	at java.util.concurrent.Executors$RunnableAdapter.call(Executors.java:511)
	at java.util.concurrent.FutureTask.run(FutureTask.java:266)
	at java.util.concurrent.ThreadPoolExecutor.runWorker(ThreadPoolExecutor.java:1149)
	at java.util.concurrent.ThreadPoolExecutor$Worker.run(ThreadPoolExecutor.java:624)
	at java.lang.Thread.run(Thread.java:748)
</failure>
                                               </testcase><testcase classname="kvstore.KVStoreSuite" name="Step4-case1: Secondary should not acknowledge snapshots until persisted" time="5.043">
                                                 <failure message="assertion failed: timeout (5 seconds) during expectMsgClass waiting for class kvstore.Replica$GetResult" type="java.lang.AssertionError">java.lang.AssertionError: assertion failed: timeout (5 seconds) during expectMsgClass waiting for class kvstore.Replica$GetResult
	at scala.Predef$.assert(Predef.scala:170)
	at akka.testkit.TestKitBase$class.expectMsgClass_internal(TestKit.scala:509)
	at akka.testkit.TestKitBase$class.expectMsgType(TestKit.scala:491)
	at akka.testkit.TestKit.expectMsgType(TestKit.scala:896)
	at kvstore.Tools$Session.get(Tools.scala:81)
	at kvstore.Step4_SecondaryPersistenceSpec$$anonfun$3.apply(Step4_SecondaryPersistenceSpec.scala:26)
	at kvstore.Step4_SecondaryPersistenceSpec$$anonfun$3.apply(Step4_SecondaryPersistenceSpec.scala:14)
	at org.scalatest.OutcomeOf$class.outcomeOf(OutcomeOf.scala:85)
	at org.scalatest.OutcomeOf$.outcomeOf(OutcomeOf.scala:104)
	at org.scalatest.Transformer.apply(Transformer.scala:22)
	at org.scalatest.Transformer.apply(Transformer.scala:20)
	at org.scalatest.FunSuiteLike$$anon$1.apply(FunSuiteLike.scala:186)
	at org.scalatest.TestSuite$class.withFixture(TestSuite.scala:196)
	at kvstore.KVStoreSuite.withFixture(KVStoreSuite.scala:7)
	at org.scalatest.FunSuiteLike$class.invokeWithFixture$1(FunSuiteLike.scala:183)
	at org.scalatest.FunSuiteLike$$anonfun$runTest$1.apply(FunSuiteLike.scala:196)
	at org.scalatest.FunSuiteLike$$anonfun$runTest$1.apply(FunSuiteLike.scala:196)
	at org.scalatest.SuperEngine.runTestImpl(Engine.scala:289)
	at org.scalatest.FunSuiteLike$class.runTest(FunSuiteLike.scala:196)
	at kvstore.KVStoreSuite.runTest(KVStoreSuite.scala:7)
	at org.scalatest.FunSuiteLike$$anonfun$runTests$1.apply(FunSuiteLike.scala:229)
	at org.scalatest.FunSuiteLike$$anonfun$runTests$1.apply(FunSuiteLike.scala:229)
	at org.scalatest.SuperEngine$$anonfun$traverseSubNodes$1$1.apply(Engine.scala:396)
	at org.scalatest.SuperEngine$$anonfun$traverseSubNodes$1$1.apply(Engine.scala:384)
	at scala.collection.immutable.List.foreach(List.scala:392)
	at org.scalatest.SuperEngine.traverseSubNodes$1(Engine.scala:384)
	at org.scalatest.SuperEngine.org$scalatest$SuperEngine$$runTestsInBranch(Engine.scala:379)
	at org.scalatest.SuperEngine.runTestsImpl(Engine.scala:461)
	at org.scalatest.FunSuiteLike$class.runTests(FunSuiteLike.scala:229)
	at kvstore.KVStoreSuite.runTests(KVStoreSuite.scala:7)
	at org.scalatest.Suite$class.run(Suite.scala:1147)
	at kvstore.KVStoreSuite.org$scalatest$FunSuiteLike$$super$run(KVStoreSuite.scala:7)
	at org.scalatest.FunSuiteLike$$anonfun$run$1.apply(FunSuiteLike.scala:233)
	at org.scalatest.FunSuiteLike$$anonfun$run$1.apply(FunSuiteLike.scala:233)
	at org.scalatest.SuperEngine.runImpl(Engine.scala:521)
	at org.scalatest.FunSuiteLike$class.run(FunSuiteLike.scala:233)
	at kvstore.KVStoreSuite.org$scalatest$BeforeAndAfterAll$$super$run(KVStoreSuite.scala:7)
	at org.scalatest.BeforeAndAfterAll$class.liftedTree1$1(BeforeAndAfterAll.scala:213)
	at org.scalatest.BeforeAndAfterAll$class.run(BeforeAndAfterAll.scala:210)
	at kvstore.KVStoreSuite.run(KVStoreSuite.scala:7)
	at org.scalatest.tools.Framework.org$scalatest$tools$Framework$$runSuite(Framework.scala:314)
	at org.scalatest.tools.Framework$ScalaTestTask.execute(Framework.scala:480)
	at sbt.TestRunner.runTest$1(TestFramework.scala:106)
	at sbt.TestRunner.run(TestFramework.scala:117)
	at sbt.TestFramework$$anon$2$$anonfun$$lessinit$greater$1.$anonfun$apply$1(TestFramework.scala:262)
	at sbt.TestFramework$.sbt$TestFramework$$withContextLoader(TestFramework.scala:233)
	at sbt.TestFramework$$anon$2$$anonfun$$lessinit$greater$1.apply(TestFramework.scala:262)
	at sbt.TestFramework$$anon$2$$anonfun$$lessinit$greater$1.apply(TestFramework.scala:262)
	at sbt.TestFunction.apply(TestFramework.scala:271)
	at sbt.Tests$.processRunnable$1(Tests.scala:307)
	at sbt.Tests$.$anonfun$makeSerial$1(Tests.scala:313)
	at sbt.std.Transform$$anon$3.$anonfun$apply$2(System.scala:46)
	at sbt.std.Transform$$anon$4.work(System.scala:66)
	at sbt.Execute.$anonfun$submit$2(Execute.scala:263)
	at sbt.internal.util.ErrorHandling$.wideConvert(ErrorHandling.scala:16)
	at sbt.Execute.work(Execute.scala:272)
	at sbt.Execute.$anonfun$submit$1(Execute.scala:263)
	at sbt.ConcurrentRestrictions$$anon$4.$anonfun$submitValid$1(ConcurrentRestrictions.scala:174)
	at sbt.CompletionService$$anon$2.call(CompletionService.scala:37)
	at java.util.concurrent.FutureTask.run(FutureTask.java:266)
	at java.util.concurrent.Executors$RunnableAdapter.call(Executors.java:511)
	at java.util.concurrent.FutureTask.run(FutureTask.java:266)
	at java.util.concurrent.ThreadPoolExecutor.runWorker(ThreadPoolExecutor.java:1149)
	at java.util.concurrent.ThreadPoolExecutor$Worker.run(ThreadPoolExecutor.java:624)
	at java.lang.Thread.run(Thread.java:748)
</failure>
                                               </testcase><testcase classname="kvstore.KVStoreSuite" name="Step4-case2: Secondary should retry persistence in every 100 milliseconds" time="5.044">
                                                 <failure message="assertion failed: timeout (5 seconds) during expectMsgClass waiting for class kvstore.Replica$GetResult" type="java.lang.AssertionError">java.lang.AssertionError: assertion failed: timeout (5 seconds) during expectMsgClass waiting for class kvstore.Replica$GetResult
	at scala.Predef$.assert(Predef.scala:170)
	at akka.testkit.TestKitBase$class.expectMsgClass_internal(TestKit.scala:509)
	at akka.testkit.TestKitBase$class.expectMsgType(TestKit.scala:491)
	at akka.testkit.TestKit.expectMsgType(TestKit.scala:896)
	at kvstore.Tools$Session.get(Tools.scala:81)
	at kvstore.Step4_SecondaryPersistenceSpec$$anonfun$4.apply(Step4_SecondaryPersistenceSpec.scala:56)
	at kvstore.Step4_SecondaryPersistenceSpec$$anonfun$4.apply(Step4_SecondaryPersistenceSpec.scala:44)
	at org.scalatest.OutcomeOf$class.outcomeOf(OutcomeOf.scala:85)
	at org.scalatest.OutcomeOf$.outcomeOf(OutcomeOf.scala:104)
	at org.scalatest.Transformer.apply(Transformer.scala:22)
	at org.scalatest.Transformer.apply(Transformer.scala:20)
	at org.scalatest.FunSuiteLike$$anon$1.apply(FunSuiteLike.scala:186)
	at org.scalatest.TestSuite$class.withFixture(TestSuite.scala:196)
	at kvstore.KVStoreSuite.withFixture(KVStoreSuite.scala:7)
	at org.scalatest.FunSuiteLike$class.invokeWithFixture$1(FunSuiteLike.scala:183)
	at org.scalatest.FunSuiteLike$$anonfun$runTest$1.apply(FunSuiteLike.scala:196)
	at org.scalatest.FunSuiteLike$$anonfun$runTest$1.apply(FunSuiteLike.scala:196)
	at org.scalatest.SuperEngine.runTestImpl(Engine.scala:289)
	at org.scalatest.FunSuiteLike$class.runTest(FunSuiteLike.scala:196)
	at kvstore.KVStoreSuite.runTest(KVStoreSuite.scala:7)
	at org.scalatest.FunSuiteLike$$anonfun$runTests$1.apply(FunSuiteLike.scala:229)
	at org.scalatest.FunSuiteLike$$anonfun$runTests$1.apply(FunSuiteLike.scala:229)
	at org.scalatest.SuperEngine$$anonfun$traverseSubNodes$1$1.apply(Engine.scala:396)
	at org.scalatest.SuperEngine$$anonfun$traverseSubNodes$1$1.apply(Engine.scala:384)
	at scala.collection.immutable.List.foreach(List.scala:392)
	at org.scalatest.SuperEngine.traverseSubNodes$1(Engine.scala:384)
	at org.scalatest.SuperEngine.org$scalatest$SuperEngine$$runTestsInBranch(Engine.scala:379)
	at org.scalatest.SuperEngine.runTestsImpl(Engine.scala:461)
	at org.scalatest.FunSuiteLike$class.runTests(FunSuiteLike.scala:229)
	at kvstore.KVStoreSuite.runTests(KVStoreSuite.scala:7)
	at org.scalatest.Suite$class.run(Suite.scala:1147)
	at kvstore.KVStoreSuite.org$scalatest$FunSuiteLike$$super$run(KVStoreSuite.scala:7)
	at org.scalatest.FunSuiteLike$$anonfun$run$1.apply(FunSuiteLike.scala:233)
	at org.scalatest.FunSuiteLike$$anonfun$run$1.apply(FunSuiteLike.scala:233)
	at org.scalatest.SuperEngine.runImpl(Engine.scala:521)
	at org.scalatest.FunSuiteLike$class.run(FunSuiteLike.scala:233)
	at kvstore.KVStoreSuite.org$scalatest$BeforeAndAfterAll$$super$run(KVStoreSuite.scala:7)
	at org.scalatest.BeforeAndAfterAll$class.liftedTree1$1(BeforeAndAfterAll.scala:213)
	at org.scalatest.BeforeAndAfterAll$class.run(BeforeAndAfterAll.scala:210)
	at kvstore.KVStoreSuite.run(KVStoreSuite.scala:7)
	at org.scalatest.tools.Framework.org$scalatest$tools$Framework$$runSuite(Framework.scala:314)
	at org.scalatest.tools.Framework$ScalaTestTask.execute(Framework.scala:480)
	at sbt.TestRunner.runTest$1(TestFramework.scala:106)
	at sbt.TestRunner.run(TestFramework.scala:117)
	at sbt.TestFramework$$anon$2$$anonfun$$lessinit$greater$1.$anonfun$apply$1(TestFramework.scala:262)
	at sbt.TestFramework$.sbt$TestFramework$$withContextLoader(TestFramework.scala:233)
	at sbt.TestFramework$$anon$2$$anonfun$$lessinit$greater$1.apply(TestFramework.scala:262)
	at sbt.TestFramework$$anon$2$$anonfun$$lessinit$greater$1.apply(TestFramework.scala:262)
	at sbt.TestFunction.apply(TestFramework.scala:271)
	at sbt.Tests$.processRunnable$1(Tests.scala:307)
	at sbt.Tests$.$anonfun$makeSerial$1(Tests.scala:313)
	at sbt.std.Transform$$anon$3.$anonfun$apply$2(System.scala:46)
	at sbt.std.Transform$$anon$4.work(System.scala:66)
	at sbt.Execute.$anonfun$submit$2(Execute.scala:263)
	at sbt.internal.util.ErrorHandling$.wideConvert(ErrorHandling.scala:16)
	at sbt.Execute.work(Execute.scala:272)
	at sbt.Execute.$anonfun$submit$1(Execute.scala:263)
	at sbt.ConcurrentRestrictions$$anon$4.$anonfun$submitValid$1(ConcurrentRestrictions.scala:174)
	at sbt.CompletionService$$anon$2.call(CompletionService.scala:37)
	at java.util.concurrent.FutureTask.run(FutureTask.java:266)
	at java.util.concurrent.Executors$RunnableAdapter.call(Executors.java:511)
	at java.util.concurrent.FutureTask.run(FutureTask.java:266)
	at java.util.concurrent.ThreadPoolExecutor.runWorker(ThreadPoolExecutor.java:1149)
	at java.util.concurrent.ThreadPoolExecutor$Worker.run(ThreadPoolExecutor.java:624)
	at java.lang.Thread.run(Thread.java:748)
</failure>
                                               </testcase><testcase classname="kvstore.KVStoreSuite" name="Step5-case1: Primary does not acknowledge updates which have not been persisted" time="3.036">
                                                 <failure message="assertion failed: timeout (3 seconds) during expectMsg: " type="java.lang.AssertionError">java.lang.AssertionError: assertion failed: timeout (3 seconds) during expectMsg: 
	at scala.Predef$.assert(Predef.scala:170)
	at akka.testkit.TestKitBase$class.expectMsgPF(TestKit.scala:420)
	at akka.testkit.TestKit.expectMsgPF(TestKit.scala:896)
	at kvstore.Step5_PrimaryPersistenceSpec$$anonfun$1.apply$mcV$sp(Step5_PrimaryPersistenceSpec.scala:25)
	at kvstore.Step5_PrimaryPersistenceSpec$$anonfun$1.apply(Step5_PrimaryPersistenceSpec.scala:15)
	at kvstore.Step5_PrimaryPersistenceSpec$$anonfun$1.apply(Step5_PrimaryPersistenceSpec.scala:15)
	at org.scalatest.OutcomeOf$class.outcomeOf(OutcomeOf.scala:85)
	at org.scalatest.OutcomeOf$.outcomeOf(OutcomeOf.scala:104)
	at org.scalatest.Transformer.apply(Transformer.scala:22)
	at org.scalatest.Transformer.apply(Transformer.scala:20)
	at org.scalatest.FunSuiteLike$$anon$1.apply(FunSuiteLike.scala:186)
	at org.scalatest.TestSuite$class.withFixture(TestSuite.scala:196)
	at kvstore.KVStoreSuite.withFixture(KVStoreSuite.scala:7)
	at org.scalatest.FunSuiteLike$class.invokeWithFixture$1(FunSuiteLike.scala:183)
	at org.scalatest.FunSuiteLike$$anonfun$runTest$1.apply(FunSuiteLike.scala:196)
	at org.scalatest.FunSuiteLike$$anonfun$runTest$1.apply(FunSuiteLike.scala:196)
	at org.scalatest.SuperEngine.runTestImpl(Engine.scala:289)
	at org.scalatest.FunSuiteLike$class.runTest(FunSuiteLike.scala:196)
	at kvstore.KVStoreSuite.runTest(KVStoreSuite.scala:7)
	at org.scalatest.FunSuiteLike$$anonfun$runTests$1.apply(FunSuiteLike.scala:229)
	at org.scalatest.FunSuiteLike$$anonfun$runTests$1.apply(FunSuiteLike.scala:229)
	at org.scalatest.SuperEngine$$anonfun$traverseSubNodes$1$1.apply(Engine.scala:396)
	at org.scalatest.SuperEngine$$anonfun$traverseSubNodes$1$1.apply(Engine.scala:384)
	at scala.collection.immutable.List.foreach(List.scala:392)
	at org.scalatest.SuperEngine.traverseSubNodes$1(Engine.scala:384)
	at org.scalatest.SuperEngine.org$scalatest$SuperEngine$$runTestsInBranch(Engine.scala:379)
	at org.scalatest.SuperEngine.runTestsImpl(Engine.scala:461)
	at org.scalatest.FunSuiteLike$class.runTests(FunSuiteLike.scala:229)
	at kvstore.KVStoreSuite.runTests(KVStoreSuite.scala:7)
	at org.scalatest.Suite$class.run(Suite.scala:1147)
	at kvstore.KVStoreSuite.org$scalatest$FunSuiteLike$$super$run(KVStoreSuite.scala:7)
	at org.scalatest.FunSuiteLike$$anonfun$run$1.apply(FunSuiteLike.scala:233)
	at org.scalatest.FunSuiteLike$$anonfun$run$1.apply(FunSuiteLike.scala:233)
	at org.scalatest.SuperEngine.runImpl(Engine.scala:521)
	at org.scalatest.FunSuiteLike$class.run(FunSuiteLike.scala:233)
	at kvstore.KVStoreSuite.org$scalatest$BeforeAndAfterAll$$super$run(KVStoreSuite.scala:7)
	at org.scalatest.BeforeAndAfterAll$class.liftedTree1$1(BeforeAndAfterAll.scala:213)
	at org.scalatest.BeforeAndAfterAll$class.run(BeforeAndAfterAll.scala:210)
	at kvstore.KVStoreSuite.run(KVStoreSuite.scala:7)
	at org.scalatest.tools.Framework.org$scalatest$tools$Framework$$runSuite(Framework.scala:314)
	at org.scalatest.tools.Framework$ScalaTestTask.execute(Framework.scala:480)
	at sbt.TestRunner.runTest$1(TestFramework.scala:106)
	at sbt.TestRunner.run(TestFramework.scala:117)
	at sbt.TestFramework$$anon$2$$anonfun$$lessinit$greater$1.$anonfun$apply$1(TestFramework.scala:262)
	at sbt.TestFramework$.sbt$TestFramework$$withContextLoader(TestFramework.scala:233)
	at sbt.TestFramework$$anon$2$$anonfun$$lessinit$greater$1.apply(TestFramework.scala:262)
	at sbt.TestFramework$$anon$2$$anonfun$$lessinit$greater$1.apply(TestFramework.scala:262)
	at sbt.TestFunction.apply(TestFramework.scala:271)
	at sbt.Tests$.processRunnable$1(Tests.scala:307)
	at sbt.Tests$.$anonfun$makeSerial$1(Tests.scala:313)
	at sbt.std.Transform$$anon$3.$anonfun$apply$2(System.scala:46)
	at sbt.std.Transform$$anon$4.work(System.scala:66)
	at sbt.Execute.$anonfun$submit$2(Execute.scala:263)
	at sbt.internal.util.ErrorHandling$.wideConvert(ErrorHandling.scala:16)
	at sbt.Execute.work(Execute.scala:272)
	at sbt.Execute.$anonfun$submit$1(Execute.scala:263)
	at sbt.ConcurrentRestrictions$$anon$4.$anonfun$submitValid$1(ConcurrentRestrictions.scala:174)
	at sbt.CompletionService$$anon$2.call(CompletionService.scala:37)
	at java.util.concurrent.FutureTask.run(FutureTask.java:266)
	at java.util.concurrent.Executors$RunnableAdapter.call(Executors.java:511)
	at java.util.concurrent.FutureTask.run(FutureTask.java:266)
	at java.util.concurrent.ThreadPoolExecutor.runWorker(ThreadPoolExecutor.java:1149)
	at java.util.concurrent.ThreadPoolExecutor$Worker.run(ThreadPoolExecutor.java:624)
	at java.lang.Thread.run(Thread.java:748)
</failure>
                                               </testcase><testcase classname="kvstore.KVStoreSuite" name="Step5-case2: Primary retries persistence every 100 milliseconds" time="3.034">
                                                 <failure message="assertion failed: timeout (3 seconds) during expectMsg: " type="java.lang.AssertionError">java.lang.AssertionError: assertion failed: timeout (3 seconds) during expectMsg: 
	at scala.Predef$.assert(Predef.scala:170)
	at akka.testkit.TestKitBase$class.expectMsgPF(TestKit.scala:420)
	at akka.testkit.TestKit.expectMsgPF(TestKit.scala:896)
	at kvstore.Step5_PrimaryPersistenceSpec$$anonfun$2.apply$mcV$sp(Step5_PrimaryPersistenceSpec.scala:44)
	at kvstore.Step5_PrimaryPersistenceSpec$$anonfun$2.apply(Step5_PrimaryPersistenceSpec.scala:34)
	at kvstore.Step5_PrimaryPersistenceSpec$$anonfun$2.apply(Step5_PrimaryPersistenceSpec.scala:34)
	at org.scalatest.OutcomeOf$class.outcomeOf(OutcomeOf.scala:85)
	at org.scalatest.OutcomeOf$.outcomeOf(OutcomeOf.scala:104)
	at org.scalatest.Transformer.apply(Transformer.scala:22)
	at org.scalatest.Transformer.apply(Transformer.scala:20)
	at org.scalatest.FunSuiteLike$$anon$1.apply(FunSuiteLike.scala:186)
	at org.scalatest.TestSuite$class.withFixture(TestSuite.scala:196)
	at kvstore.KVStoreSuite.withFixture(KVStoreSuite.scala:7)
	at org.scalatest.FunSuiteLike$class.invokeWithFixture$1(FunSuiteLike.scala:183)
	at org.scalatest.FunSuiteLike$$anonfun$runTest$1.apply(FunSuiteLike.scala:196)
	at org.scalatest.FunSuiteLike$$anonfun$runTest$1.apply(FunSuiteLike.scala:196)
	at org.scalatest.SuperEngine.runTestImpl(Engine.scala:289)
	at org.scalatest.FunSuiteLike$class.runTest(FunSuiteLike.scala:196)
	at kvstore.KVStoreSuite.runTest(KVStoreSuite.scala:7)
	at org.scalatest.FunSuiteLike$$anonfun$runTests$1.apply(FunSuiteLike.scala:229)
	at org.scalatest.FunSuiteLike$$anonfun$runTests$1.apply(FunSuiteLike.scala:229)
	at org.scalatest.SuperEngine$$anonfun$traverseSubNodes$1$1.apply(Engine.scala:396)
	at org.scalatest.SuperEngine$$anonfun$traverseSubNodes$1$1.apply(Engine.scala:384)
	at scala.collection.immutable.List.foreach(List.scala:392)
	at org.scalatest.SuperEngine.traverseSubNodes$1(Engine.scala:384)
	at org.scalatest.SuperEngine.org$scalatest$SuperEngine$$runTestsInBranch(Engine.scala:379)
	at org.scalatest.SuperEngine.runTestsImpl(Engine.scala:461)
	at org.scalatest.FunSuiteLike$class.runTests(FunSuiteLike.scala:229)
	at kvstore.KVStoreSuite.runTests(KVStoreSuite.scala:7)
	at org.scalatest.Suite$class.run(Suite.scala:1147)
	at kvstore.KVStoreSuite.org$scalatest$FunSuiteLike$$super$run(KVStoreSuite.scala:7)
	at org.scalatest.FunSuiteLike$$anonfun$run$1.apply(FunSuiteLike.scala:233)
	at org.scalatest.FunSuiteLike$$anonfun$run$1.apply(FunSuiteLike.scala:233)
	at org.scalatest.SuperEngine.runImpl(Engine.scala:521)
	at org.scalatest.FunSuiteLike$class.run(FunSuiteLike.scala:233)
	at kvstore.KVStoreSuite.org$scalatest$BeforeAndAfterAll$$super$run(KVStoreSuite.scala:7)
	at org.scalatest.BeforeAndAfterAll$class.liftedTree1$1(BeforeAndAfterAll.scala:213)
	at org.scalatest.BeforeAndAfterAll$class.run(BeforeAndAfterAll.scala:210)
	at kvstore.KVStoreSuite.run(KVStoreSuite.scala:7)
	at org.scalatest.tools.Framework.org$scalatest$tools$Framework$$runSuite(Framework.scala:314)
	at org.scalatest.tools.Framework$ScalaTestTask.execute(Framework.scala:480)
	at sbt.TestRunner.runTest$1(TestFramework.scala:106)
	at sbt.TestRunner.run(TestFramework.scala:117)
	at sbt.TestFramework$$anon$2$$anonfun$$lessinit$greater$1.$anonfun$apply$1(TestFramework.scala:262)
	at sbt.TestFramework$.sbt$TestFramework$$withContextLoader(TestFramework.scala:233)
	at sbt.TestFramework$$anon$2$$anonfun$$lessinit$greater$1.apply(TestFramework.scala:262)
	at sbt.TestFramework$$anon$2$$anonfun$$lessinit$greater$1.apply(TestFramework.scala:262)
	at sbt.TestFunction.apply(TestFramework.scala:271)
	at sbt.Tests$.processRunnable$1(Tests.scala:307)
	at sbt.Tests$.$anonfun$makeSerial$1(Tests.scala:313)
	at sbt.std.Transform$$anon$3.$anonfun$apply$2(System.scala:46)
	at sbt.std.Transform$$anon$4.work(System.scala:66)
	at sbt.Execute.$anonfun$submit$2(Execute.scala:263)
	at sbt.internal.util.ErrorHandling$.wideConvert(ErrorHandling.scala:16)
	at sbt.Execute.work(Execute.scala:272)
	at sbt.Execute.$anonfun$submit$1(Execute.scala:263)
	at sbt.ConcurrentRestrictions$$anon$4.$anonfun$submitValid$1(ConcurrentRestrictions.scala:174)
	at sbt.CompletionService$$anon$2.call(CompletionService.scala:37)
	at java.util.concurrent.FutureTask.run(FutureTask.java:266)
	at java.util.concurrent.Executors$RunnableAdapter.call(Executors.java:511)
	at java.util.concurrent.FutureTask.run(FutureTask.java:266)
	at java.util.concurrent.ThreadPoolExecutor.runWorker(ThreadPoolExecutor.java:1149)
	at java.util.concurrent.ThreadPoolExecutor$Worker.run(ThreadPoolExecutor.java:624)
	at java.lang.Thread.run(Thread.java:748)
</failure>
                                               </testcase><testcase classname="kvstore.KVStoreSuite" name="Step5-case3: Primary generates failure after 1 second if persistence fails" time="3.035">
                                                 <failure message="assertion failed: timeout (3 seconds) during expectMsgClass waiting for class kvstore.Persistence$Persist" type="java.lang.AssertionError">java.lang.AssertionError: assertion failed: timeout (3 seconds) during expectMsgClass waiting for class kvstore.Persistence$Persist
	at scala.Predef$.assert(Predef.scala:170)
	at akka.testkit.TestKitBase$class.expectMsgClass_internal(TestKit.scala:509)
	at akka.testkit.TestKitBase$class.expectMsgType(TestKit.scala:482)
	at akka.testkit.TestKit.expectMsgType(TestKit.scala:896)
	at kvstore.Step5_PrimaryPersistenceSpec$$anonfun$3.apply$mcV$sp(Step5_PrimaryPersistenceSpec.scala:66)
	at kvstore.Step5_PrimaryPersistenceSpec$$anonfun$3.apply(Step5_PrimaryPersistenceSpec.scala:56)
	at kvstore.Step5_PrimaryPersistenceSpec$$anonfun$3.apply(Step5_PrimaryPersistenceSpec.scala:56)
	at org.scalatest.OutcomeOf$class.outcomeOf(OutcomeOf.scala:85)
	at org.scalatest.OutcomeOf$.outcomeOf(OutcomeOf.scala:104)
	at org.scalatest.Transformer.apply(Transformer.scala:22)
	at org.scalatest.Transformer.apply(Transformer.scala:20)
	at org.scalatest.FunSuiteLike$$anon$1.apply(FunSuiteLike.scala:186)
	at org.scalatest.TestSuite$class.withFixture(TestSuite.scala:196)
	at kvstore.KVStoreSuite.withFixture(KVStoreSuite.scala:7)
	at org.scalatest.FunSuiteLike$class.invokeWithFixture$1(FunSuiteLike.scala:183)
	at org.scalatest.FunSuiteLike$$anonfun$runTest$1.apply(FunSuiteLike.scala:196)
	at org.scalatest.FunSuiteLike$$anonfun$runTest$1.apply(FunSuiteLike.scala:196)
	at org.scalatest.SuperEngine.runTestImpl(Engine.scala:289)
	at org.scalatest.FunSuiteLike$class.runTest(FunSuiteLike.scala:196)
	at kvstore.KVStoreSuite.runTest(KVStoreSuite.scala:7)
	at org.scalatest.FunSuiteLike$$anonfun$runTests$1.apply(FunSuiteLike.scala:229)
	at org.scalatest.FunSuiteLike$$anonfun$runTests$1.apply(FunSuiteLike.scala:229)
	at org.scalatest.SuperEngine$$anonfun$traverseSubNodes$1$1.apply(Engine.scala:396)
	at org.scalatest.SuperEngine$$anonfun$traverseSubNodes$1$1.apply(Engine.scala:384)
	at scala.collection.immutable.List.foreach(List.scala:392)
	at org.scalatest.SuperEngine.traverseSubNodes$1(Engine.scala:384)
	at org.scalatest.SuperEngine.org$scalatest$SuperEngine$$runTestsInBranch(Engine.scala:379)
	at org.scalatest.SuperEngine.runTestsImpl(Engine.scala:461)
	at org.scalatest.FunSuiteLike$class.runTests(FunSuiteLike.scala:229)
	at kvstore.KVStoreSuite.runTests(KVStoreSuite.scala:7)
	at org.scalatest.Suite$class.run(Suite.scala:1147)
	at kvstore.KVStoreSuite.org$scalatest$FunSuiteLike$$super$run(KVStoreSuite.scala:7)
	at org.scalatest.FunSuiteLike$$anonfun$run$1.apply(FunSuiteLike.scala:233)
	at org.scalatest.FunSuiteLike$$anonfun$run$1.apply(FunSuiteLike.scala:233)
	at org.scalatest.SuperEngine.runImpl(Engine.scala:521)
	at org.scalatest.FunSuiteLike$class.run(FunSuiteLike.scala:233)
	at kvstore.KVStoreSuite.org$scalatest$BeforeAndAfterAll$$super$run(KVStoreSuite.scala:7)
	at org.scalatest.BeforeAndAfterAll$class.liftedTree1$1(BeforeAndAfterAll.scala:213)
	at org.scalatest.BeforeAndAfterAll$class.run(BeforeAndAfterAll.scala:210)
	at kvstore.KVStoreSuite.run(KVStoreSuite.scala:7)
	at org.scalatest.tools.Framework.org$scalatest$tools$Framework$$runSuite(Framework.scala:314)
	at org.scalatest.tools.Framework$ScalaTestTask.execute(Framework.scala:480)
	at sbt.TestRunner.runTest$1(TestFramework.scala:106)
	at sbt.TestRunner.run(TestFramework.scala:117)
	at sbt.TestFramework$$anon$2$$anonfun$$lessinit$greater$1.$anonfun$apply$1(TestFramework.scala:262)
	at sbt.TestFramework$.sbt$TestFramework$$withContextLoader(TestFramework.scala:233)
	at sbt.TestFramework$$anon$2$$anonfun$$lessinit$greater$1.apply(TestFramework.scala:262)
	at sbt.TestFramework$$anon$2$$anonfun$$lessinit$greater$1.apply(TestFramework.scala:262)
	at sbt.TestFunction.apply(TestFramework.scala:271)
	at sbt.Tests$.processRunnable$1(Tests.scala:307)
	at sbt.Tests$.$anonfun$makeSerial$1(Tests.scala:313)
	at sbt.std.Transform$$anon$3.$anonfun$apply$2(System.scala:46)
	at sbt.std.Transform$$anon$4.work(System.scala:66)
	at sbt.Execute.$anonfun$submit$2(Execute.scala:263)
	at sbt.internal.util.ErrorHandling$.wideConvert(ErrorHandling.scala:16)
	at sbt.Execute.work(Execute.scala:272)
	at sbt.Execute.$anonfun$submit$1(Execute.scala:263)
	at sbt.ConcurrentRestrictions$$anon$4.$anonfun$submitValid$1(ConcurrentRestrictions.scala:174)
	at sbt.CompletionService$$anon$2.call(CompletionService.scala:37)
	at java.util.concurrent.FutureTask.run(FutureTask.java:266)
	at java.util.concurrent.Executors$RunnableAdapter.call(Executors.java:511)
	at java.util.concurrent.FutureTask.run(FutureTask.java:266)
	at java.util.concurrent.ThreadPoolExecutor.runWorker(ThreadPoolExecutor.java:1149)
	at java.util.concurrent.ThreadPoolExecutor$Worker.run(ThreadPoolExecutor.java:624)
	at java.lang.Thread.run(Thread.java:748)
</failure>
                                               </testcase><testcase classname="kvstore.KVStoreSuite" name="Step5-case4: Primary generates failure after 1 second if global acknowledgement fails" time="0.26">
                                                 <failure message="assertion failed: timeout (200 milliseconds) during expectMsgClass waiting for class kvstore.Replicator$Snapshot" type="java.lang.AssertionError">java.lang.AssertionError: assertion failed: timeout (200 milliseconds) during expectMsgClass waiting for class kvstore.Replicator$Snapshot
	at scala.Predef$.assert(Predef.scala:170)
	at akka.testkit.TestKitBase$class.expectMsgClass_internal(TestKit.scala:509)
	at akka.testkit.TestKitBase$class.expectMsgType(TestKit.scala:491)
	at akka.testkit.TestKit.expectMsgType(TestKit.scala:896)
	at kvstore.Step5_PrimaryPersistenceSpec$$anonfun$4$$anonfun$apply$mcV$sp$1.apply$mcV$sp(Step5_PrimaryPersistenceSpec.scala:84)
	at kvstore.Step5_PrimaryPersistenceSpec$$anonfun$4$$anonfun$apply$mcV$sp$1.apply(Step5_PrimaryPersistenceSpec.scala:82)
	at kvstore.Step5_PrimaryPersistenceSpec$$anonfun$4$$anonfun$apply$mcV$sp$1.apply(Step5_PrimaryPersistenceSpec.scala:82)
	at akka.testkit.TestKitBase$class.within(TestKit.scala:360)
	at akka.testkit.TestKit.within(TestKit.scala:896)
	at kvstore.Step5_PrimaryPersistenceSpec$$anonfun$4.apply$mcV$sp(Step5_PrimaryPersistenceSpec.scala:82)
	at kvstore.Step5_PrimaryPersistenceSpec$$anonfun$4.apply(Step5_PrimaryPersistenceSpec.scala:71)
	at kvstore.Step5_PrimaryPersistenceSpec$$anonfun$4.apply(Step5_PrimaryPersistenceSpec.scala:71)
	at org.scalatest.OutcomeOf$class.outcomeOf(OutcomeOf.scala:85)
	at org.scalatest.OutcomeOf$.outcomeOf(OutcomeOf.scala:104)
	at org.scalatest.Transformer.apply(Transformer.scala:22)
	at org.scalatest.Transformer.apply(Transformer.scala:20)
	at org.scalatest.FunSuiteLike$$anon$1.apply(FunSuiteLike.scala:186)
	at org.scalatest.TestSuite$class.withFixture(TestSuite.scala:196)
	at kvstore.KVStoreSuite.withFixture(KVStoreSuite.scala:7)
	at org.scalatest.FunSuiteLike$class.invokeWithFixture$1(FunSuiteLike.scala:183)
	at org.scalatest.FunSuiteLike$$anonfun$runTest$1.apply(FunSuiteLike.scala:196)
	at org.scalatest.FunSuiteLike$$anonfun$runTest$1.apply(FunSuiteLike.scala:196)
	at org.scalatest.SuperEngine.runTestImpl(Engine.scala:289)
	at org.scalatest.FunSuiteLike$class.runTest(FunSuiteLike.scala:196)
	at kvstore.KVStoreSuite.runTest(KVStoreSuite.scala:7)
	at org.scalatest.FunSuiteLike$$anonfun$runTests$1.apply(FunSuiteLike.scala:229)
	at org.scalatest.FunSuiteLike$$anonfun$runTests$1.apply(FunSuiteLike.scala:229)
	at org.scalatest.SuperEngine$$anonfun$traverseSubNodes$1$1.apply(Engine.scala:396)
	at org.scalatest.SuperEngine$$anonfun$traverseSubNodes$1$1.apply(Engine.scala:384)
	at scala.collection.immutable.List.foreach(List.scala:392)
	at org.scalatest.SuperEngine.traverseSubNodes$1(Engine.scala:384)
	at org.scalatest.SuperEngine.org$scalatest$SuperEngine$$runTestsInBranch(Engine.scala:379)
	at org.scalatest.SuperEngine.runTestsImpl(Engine.scala:461)
	at org.scalatest.FunSuiteLike$class.runTests(FunSuiteLike.scala:229)
	at kvstore.KVStoreSuite.runTests(KVStoreSuite.scala:7)
	at org.scalatest.Suite$class.run(Suite.scala:1147)
	at kvstore.KVStoreSuite.org$scalatest$FunSuiteLike$$super$run(KVStoreSuite.scala:7)
	at org.scalatest.FunSuiteLike$$anonfun$run$1.apply(FunSuiteLike.scala:233)
	at org.scalatest.FunSuiteLike$$anonfun$run$1.apply(FunSuiteLike.scala:233)
	at org.scalatest.SuperEngine.runImpl(Engine.scala:521)
	at org.scalatest.FunSuiteLike$class.run(FunSuiteLike.scala:233)
	at kvstore.KVStoreSuite.org$scalatest$BeforeAndAfterAll$$super$run(KVStoreSuite.scala:7)
	at org.scalatest.BeforeAndAfterAll$class.liftedTree1$1(BeforeAndAfterAll.scala:213)
	at org.scalatest.BeforeAndAfterAll$class.run(BeforeAndAfterAll.scala:210)
	at kvstore.KVStoreSuite.run(KVStoreSuite.scala:7)
	at org.scalatest.tools.Framework.org$scalatest$tools$Framework$$runSuite(Framework.scala:314)
	at org.scalatest.tools.Framework$ScalaTestTask.execute(Framework.scala:480)
	at sbt.TestRunner.runTest$1(TestFramework.scala:106)
	at sbt.TestRunner.run(TestFramework.scala:117)
	at sbt.TestFramework$$anon$2$$anonfun$$lessinit$greater$1.$anonfun$apply$1(TestFramework.scala:262)
	at sbt.TestFramework$.sbt$TestFramework$$withContextLoader(TestFramework.scala:233)
	at sbt.TestFramework$$anon$2$$anonfun$$lessinit$greater$1.apply(TestFramework.scala:262)
	at sbt.TestFramework$$anon$2$$anonfun$$lessinit$greater$1.apply(TestFramework.scala:262)
	at sbt.TestFunction.apply(TestFramework.scala:271)
	at sbt.Tests$.processRunnable$1(Tests.scala:307)
	at sbt.Tests$.$anonfun$makeSerial$1(Tests.scala:313)
	at sbt.std.Transform$$anon$3.$anonfun$apply$2(System.scala:46)
	at sbt.std.Transform$$anon$4.work(System.scala:66)
	at sbt.Execute.$anonfun$submit$2(Execute.scala:263)
	at sbt.internal.util.ErrorHandling$.wideConvert(ErrorHandling.scala:16)
	at sbt.Execute.work(Execute.scala:272)
	at sbt.Execute.$anonfun$submit$1(Execute.scala:263)
	at sbt.ConcurrentRestrictions$$anon$4.$anonfun$submitValid$1(ConcurrentRestrictions.scala:174)
	at sbt.CompletionService$$anon$2.call(CompletionService.scala:37)
	at java.util.concurrent.FutureTask.run(FutureTask.java:266)
	at java.util.concurrent.Executors$RunnableAdapter.call(Executors.java:511)
	at java.util.concurrent.FutureTask.run(FutureTask.java:266)
	at java.util.concurrent.ThreadPoolExecutor.runWorker(ThreadPoolExecutor.java:1149)
	at java.util.concurrent.ThreadPoolExecutor$Worker.run(ThreadPoolExecutor.java:624)
	at java.lang.Thread.run(Thread.java:748)
</failure>
                                               </testcase><testcase classname="kvstore.KVStoreSuite" name="Step5-case5: Primary acknowledges only after persistence and global acknowledgement" time="3.056">
                                                 <failure message="assertion failed: timeout (3 seconds) during expectMsgClass waiting for class kvstore.Replicator$Snapshot" type="java.lang.AssertionError">java.lang.AssertionError: assertion failed: timeout (3 seconds) during expectMsgClass waiting for class kvstore.Replicator$Snapshot
	at scala.Predef$.assert(Predef.scala:170)
	at akka.testkit.TestKitBase$class.expectMsgClass_internal(TestKit.scala:509)
	at akka.testkit.TestKitBase$class.expectMsgType(TestKit.scala:482)
	at akka.testkit.TestKit.expectMsgType(TestKit.scala:896)
	at kvstore.Step5_PrimaryPersistenceSpec$$anonfun$5.apply$mcV$sp(Step5_PrimaryPersistenceSpec.scala:101)
	at kvstore.Step5_PrimaryPersistenceSpec$$anonfun$5.apply(Step5_PrimaryPersistenceSpec.scala:89)
	at kvstore.Step5_PrimaryPersistenceSpec$$anonfun$5.apply(Step5_PrimaryPersistenceSpec.scala:89)
	at org.scalatest.OutcomeOf$class.outcomeOf(OutcomeOf.scala:85)
	at org.scalatest.OutcomeOf$.outcomeOf(OutcomeOf.scala:104)
	at org.scalatest.Transformer.apply(Transformer.scala:22)
	at org.scalatest.Transformer.apply(Transformer.scala:20)
	at org.scalatest.FunSuiteLike$$anon$1.apply(FunSuiteLike.scala:186)
	at org.scalatest.TestSuite$class.withFixture(TestSuite.scala:196)
	at kvstore.KVStoreSuite.withFixture(KVStoreSuite.scala:7)
	at org.scalatest.FunSuiteLike$class.invokeWithFixture$1(FunSuiteLike.scala:183)
	at org.scalatest.FunSuiteLike$$anonfun$runTest$1.apply(FunSuiteLike.scala:196)
	at org.scalatest.FunSuiteLike$$anonfun$runTest$1.apply(FunSuiteLike.scala:196)
	at org.scalatest.SuperEngine.runTestImpl(Engine.scala:289)
	at org.scalatest.FunSuiteLike$class.runTest(FunSuiteLike.scala:196)
	at kvstore.KVStoreSuite.runTest(KVStoreSuite.scala:7)
	at org.scalatest.FunSuiteLike$$anonfun$runTests$1.apply(FunSuiteLike.scala:229)
	at org.scalatest.FunSuiteLike$$anonfun$runTests$1.apply(FunSuiteLike.scala:229)
	at org.scalatest.SuperEngine$$anonfun$traverseSubNodes$1$1.apply(Engine.scala:396)
	at org.scalatest.SuperEngine$$anonfun$traverseSubNodes$1$1.apply(Engine.scala:384)
	at scala.collection.immutable.List.foreach(List.scala:392)
	at org.scalatest.SuperEngine.traverseSubNodes$1(Engine.scala:384)
	at org.scalatest.SuperEngine.org$scalatest$SuperEngine$$runTestsInBranch(Engine.scala:379)
	at org.scalatest.SuperEngine.runTestsImpl(Engine.scala:461)
	at org.scalatest.FunSuiteLike$class.runTests(FunSuiteLike.scala:229)
	at kvstore.KVStoreSuite.runTests(KVStoreSuite.scala:7)
	at org.scalatest.Suite$class.run(Suite.scala:1147)
	at kvstore.KVStoreSuite.org$scalatest$FunSuiteLike$$super$run(KVStoreSuite.scala:7)
	at org.scalatest.FunSuiteLike$$anonfun$run$1.apply(FunSuiteLike.scala:233)
	at org.scalatest.FunSuiteLike$$anonfun$run$1.apply(FunSuiteLike.scala:233)
	at org.scalatest.SuperEngine.runImpl(Engine.scala:521)
	at org.scalatest.FunSuiteLike$class.run(FunSuiteLike.scala:233)
	at kvstore.KVStoreSuite.org$scalatest$BeforeAndAfterAll$$super$run(KVStoreSuite.scala:7)
	at org.scalatest.BeforeAndAfterAll$class.liftedTree1$1(BeforeAndAfterAll.scala:213)
	at org.scalatest.BeforeAndAfterAll$class.run(BeforeAndAfterAll.scala:210)
	at kvstore.KVStoreSuite.run(KVStoreSuite.scala:7)
	at org.scalatest.tools.Framework.org$scalatest$tools$Framework$$runSuite(Framework.scala:314)
	at org.scalatest.tools.Framework$ScalaTestTask.execute(Framework.scala:480)
	at sbt.TestRunner.runTest$1(TestFramework.scala:106)
	at sbt.TestRunner.run(TestFramework.scala:117)
	at sbt.TestFramework$$anon$2$$anonfun$$lessinit$greater$1.$anonfun$apply$1(TestFramework.scala:262)
	at sbt.TestFramework$.sbt$TestFramework$$withContextLoader(TestFramework.scala:233)
	at sbt.TestFramework$$anon$2$$anonfun$$lessinit$greater$1.apply(TestFramework.scala:262)
	at sbt.TestFramework$$anon$2$$anonfun$$lessinit$greater$1.apply(TestFramework.scala:262)
	at sbt.TestFunction.apply(TestFramework.scala:271)
	at sbt.Tests$.processRunnable$1(Tests.scala:307)
	at sbt.Tests$.$anonfun$makeSerial$1(Tests.scala:313)
	at sbt.std.Transform$$anon$3.$anonfun$apply$2(System.scala:46)
	at sbt.std.Transform$$anon$4.work(System.scala:66)
	at sbt.Execute.$anonfun$submit$2(Execute.scala:263)
	at sbt.internal.util.ErrorHandling$.wideConvert(ErrorHandling.scala:16)
	at sbt.Execute.work(Execute.scala:272)
	at sbt.Execute.$anonfun$submit$1(Execute.scala:263)
	at sbt.ConcurrentRestrictions$$anon$4.$anonfun$submitValid$1(ConcurrentRestrictions.scala:174)
	at sbt.CompletionService$$anon$2.call(CompletionService.scala:37)
	at java.util.concurrent.FutureTask.run(FutureTask.java:266)
	at java.util.concurrent.Executors$RunnableAdapter.call(Executors.java:511)
	at java.util.concurrent.FutureTask.run(FutureTask.java:266)
	at java.util.concurrent.ThreadPoolExecutor.runWorker(ThreadPoolExecutor.java:1149)
	at java.util.concurrent.ThreadPoolExecutor$Worker.run(ThreadPoolExecutor.java:624)
	at java.lang.Thread.run(Thread.java:748)
</failure>
                                               </testcase><testcase classname="kvstore.KVStoreSuite" name="Step6-case1: Primary must start replication to new replicas" time="3.035">
                                                 <failure message="assertion failed: timeout (3 seconds) during expectMsg while waiting for Snapshot(k1,Some(v1),0)" type="java.lang.AssertionError">java.lang.AssertionError: assertion failed: timeout (3 seconds) during expectMsg while waiting for Snapshot(k1,Some(v1),0)
	at scala.Predef$.assert(Predef.scala:170)
	at akka.testkit.TestKitBase$class.expectMsg_internal(TestKit.scala:402)
	at akka.testkit.TestKitBase$class.expectMsg(TestKit.scala:379)
	at akka.testkit.TestKit.expectMsg(TestKit.scala:896)
	at kvstore.Tools$class.expectAtLeastOneSnapshot(Tools.scala:97)
	at kvstore.KVStoreSuite.expectAtLeastOneSnapshot(KVStoreSuite.scala:7)
	at kvstore.Step6_NewSecondarySpec$$anonfun$1.apply$mcV$sp(Step6_NewSecondarySpec.scala:25)
	at kvstore.Step6_NewSecondarySpec$$anonfun$1.apply(Step6_NewSecondarySpec.scala:13)
	at kvstore.Step6_NewSecondarySpec$$anonfun$1.apply(Step6_NewSecondarySpec.scala:13)
	at org.scalatest.OutcomeOf$class.outcomeOf(OutcomeOf.scala:85)
	at org.scalatest.OutcomeOf$.outcomeOf(OutcomeOf.scala:104)
	at org.scalatest.Transformer.apply(Transformer.scala:22)
	at org.scalatest.Transformer.apply(Transformer.scala:20)
	at org.scalatest.FunSuiteLike$$anon$1.apply(FunSuiteLike.scala:186)
	at org.scalatest.TestSuite$class.withFixture(TestSuite.scala:196)
	at kvstore.KVStoreSuite.withFixture(KVStoreSuite.scala:7)
	at org.scalatest.FunSuiteLike$class.invokeWithFixture$1(FunSuiteLike.scala:183)
	at org.scalatest.FunSuiteLike$$anonfun$runTest$1.apply(FunSuiteLike.scala:196)
	at org.scalatest.FunSuiteLike$$anonfun$runTest$1.apply(FunSuiteLike.scala:196)
	at org.scalatest.SuperEngine.runTestImpl(Engine.scala:289)
	at org.scalatest.FunSuiteLike$class.runTest(FunSuiteLike.scala:196)
	at kvstore.KVStoreSuite.runTest(KVStoreSuite.scala:7)
	at org.scalatest.FunSuiteLike$$anonfun$runTests$1.apply(FunSuiteLike.scala:229)
	at org.scalatest.FunSuiteLike$$anonfun$runTests$1.apply(FunSuiteLike.scala:229)
	at org.scalatest.SuperEngine$$anonfun$traverseSubNodes$1$1.apply(Engine.scala:396)
	at org.scalatest.SuperEngine$$anonfun$traverseSubNodes$1$1.apply(Engine.scala:384)
	at scala.collection.immutable.List.foreach(List.scala:392)
	at org.scalatest.SuperEngine.traverseSubNodes$1(Engine.scala:384)
	at org.scalatest.SuperEngine.org$scalatest$SuperEngine$$runTestsInBranch(Engine.scala:379)
	at org.scalatest.SuperEngine.runTestsImpl(Engine.scala:461)
	at org.scalatest.FunSuiteLike$class.runTests(FunSuiteLike.scala:229)
	at kvstore.KVStoreSuite.runTests(KVStoreSuite.scala:7)
	at org.scalatest.Suite$class.run(Suite.scala:1147)
	at kvstore.KVStoreSuite.org$scalatest$FunSuiteLike$$super$run(KVStoreSuite.scala:7)
	at org.scalatest.FunSuiteLike$$anonfun$run$1.apply(FunSuiteLike.scala:233)
	at org.scalatest.FunSuiteLike$$anonfun$run$1.apply(FunSuiteLike.scala:233)
	at org.scalatest.SuperEngine.runImpl(Engine.scala:521)
	at org.scalatest.FunSuiteLike$class.run(FunSuiteLike.scala:233)
	at kvstore.KVStoreSuite.org$scalatest$BeforeAndAfterAll$$super$run(KVStoreSuite.scala:7)
	at org.scalatest.BeforeAndAfterAll$class.liftedTree1$1(BeforeAndAfterAll.scala:213)
	at org.scalatest.BeforeAndAfterAll$class.run(BeforeAndAfterAll.scala:210)
	at kvstore.KVStoreSuite.run(KVStoreSuite.scala:7)
	at org.scalatest.tools.Framework.org$scalatest$tools$Framework$$runSuite(Framework.scala:314)
	at org.scalatest.tools.Framework$ScalaTestTask.execute(Framework.scala:480)
	at sbt.TestRunner.runTest$1(TestFramework.scala:106)
	at sbt.TestRunner.run(TestFramework.scala:117)
	at sbt.TestFramework$$anon$2$$anonfun$$lessinit$greater$1.$anonfun$apply$1(TestFramework.scala:262)
	at sbt.TestFramework$.sbt$TestFramework$$withContextLoader(TestFramework.scala:233)
	at sbt.TestFramework$$anon$2$$anonfun$$lessinit$greater$1.apply(TestFramework.scala:262)
	at sbt.TestFramework$$anon$2$$anonfun$$lessinit$greater$1.apply(TestFramework.scala:262)
	at sbt.TestFunction.apply(TestFramework.scala:271)
	at sbt.Tests$.processRunnable$1(Tests.scala:307)
	at sbt.Tests$.$anonfun$makeSerial$1(Tests.scala:313)
	at sbt.std.Transform$$anon$3.$anonfun$apply$2(System.scala:46)
	at sbt.std.Transform$$anon$4.work(System.scala:66)
	at sbt.Execute.$anonfun$submit$2(Execute.scala:263)
	at sbt.internal.util.ErrorHandling$.wideConvert(ErrorHandling.scala:16)
	at sbt.Execute.work(Execute.scala:272)
	at sbt.Execute.$anonfun$submit$1(Execute.scala:263)
	at sbt.ConcurrentRestrictions$$anon$4.$anonfun$submitValid$1(ConcurrentRestrictions.scala:174)
	at sbt.CompletionService$$anon$2.call(CompletionService.scala:37)
	at java.util.concurrent.FutureTask.run(FutureTask.java:266)
	at java.util.concurrent.Executors$RunnableAdapter.call(Executors.java:511)
	at java.util.concurrent.FutureTask.run(FutureTask.java:266)
	at java.util.concurrent.ThreadPoolExecutor.runWorker(ThreadPoolExecutor.java:1149)
	at java.util.concurrent.ThreadPoolExecutor$Worker.run(ThreadPoolExecutor.java:624)
	at java.lang.Thread.run(Thread.java:748)
</failure>
                                               </testcase><testcase classname="kvstore.KVStoreSuite" name="Step6-case2: Primary must stop replication to removed replicas and stop Replicator" time="3.003">
                                                 <failure message="assertion failed: timeout (3 seconds) during expectMsg while waiting for Snapshot(k1,Some(v1),0)" type="java.lang.AssertionError">java.lang.AssertionError: assertion failed: timeout (3 seconds) during expectMsg while waiting for Snapshot(k1,Some(v1),0)
	at scala.Predef$.assert(Predef.scala:170)
	at akka.testkit.TestKitBase$class.expectMsg_internal(TestKit.scala:402)
	at akka.testkit.TestKitBase$class.expectMsg(TestKit.scala:379)
	at akka.testkit.TestKit.expectMsg(TestKit.scala:896)
	at kvstore.Step6_NewSecondarySpec$$anonfun$2.apply$mcV$sp(Step6_NewSecondarySpec.scala:48)
	at kvstore.Step6_NewSecondarySpec$$anonfun$2.apply(Step6_NewSecondarySpec.scala:36)
	at kvstore.Step6_NewSecondarySpec$$anonfun$2.apply(Step6_NewSecondarySpec.scala:36)
	at org.scalatest.OutcomeOf$class.outcomeOf(OutcomeOf.scala:85)
	at org.scalatest.OutcomeOf$.outcomeOf(OutcomeOf.scala:104)
	at org.scalatest.Transformer.apply(Transformer.scala:22)
	at org.scalatest.Transformer.apply(Transformer.scala:20)
	at org.scalatest.FunSuiteLike$$anon$1.apply(FunSuiteLike.scala:186)
	at org.scalatest.TestSuite$class.withFixture(TestSuite.scala:196)
	at kvstore.KVStoreSuite.withFixture(KVStoreSuite.scala:7)
	at org.scalatest.FunSuiteLike$class.invokeWithFixture$1(FunSuiteLike.scala:183)
	at org.scalatest.FunSuiteLike$$anonfun$runTest$1.apply(FunSuiteLike.scala:196)
	at org.scalatest.FunSuiteLike$$anonfun$runTest$1.apply(FunSuiteLike.scala:196)
	at org.scalatest.SuperEngine.runTestImpl(Engine.scala:289)
	at org.scalatest.FunSuiteLike$class.runTest(FunSuiteLike.scala:196)
	at kvstore.KVStoreSuite.runTest(KVStoreSuite.scala:7)
	at org.scalatest.FunSuiteLike$$anonfun$runTests$1.apply(FunSuiteLike.scala:229)
	at org.scalatest.FunSuiteLike$$anonfun$runTests$1.apply(FunSuiteLike.scala:229)
	at org.scalatest.SuperEngine$$anonfun$traverseSubNodes$1$1.apply(Engine.scala:396)
	at org.scalatest.SuperEngine$$anonfun$traverseSubNodes$1$1.apply(Engine.scala:384)
	at scala.collection.immutable.List.foreach(List.scala:392)
	at org.scalatest.SuperEngine.traverseSubNodes$1(Engine.scala:384)
	at org.scalatest.SuperEngine.org$scalatest$SuperEngine$$runTestsInBranch(Engine.scala:379)
	at org.scalatest.SuperEngine.runTestsImpl(Engine.scala:461)
	at org.scalatest.FunSuiteLike$class.runTests(FunSuiteLike.scala:229)
	at kvstore.KVStoreSuite.runTests(KVStoreSuite.scala:7)
	at org.scalatest.Suite$class.run(Suite.scala:1147)
	at kvstore.KVStoreSuite.org$scalatest$FunSuiteLike$$super$run(KVStoreSuite.scala:7)
	at org.scalatest.FunSuiteLike$$anonfun$run$1.apply(FunSuiteLike.scala:233)
	at org.scalatest.FunSuiteLike$$anonfun$run$1.apply(FunSuiteLike.scala:233)
	at org.scalatest.SuperEngine.runImpl(Engine.scala:521)
	at org.scalatest.FunSuiteLike$class.run(FunSuiteLike.scala:233)
	at kvstore.KVStoreSuite.org$scalatest$BeforeAndAfterAll$$super$run(KVStoreSuite.scala:7)
	at org.scalatest.BeforeAndAfterAll$class.liftedTree1$1(BeforeAndAfterAll.scala:213)
	at org.scalatest.BeforeAndAfterAll$class.run(BeforeAndAfterAll.scala:210)
	at kvstore.KVStoreSuite.run(KVStoreSuite.scala:7)
	at org.scalatest.tools.Framework.org$scalatest$tools$Framework$$runSuite(Framework.scala:314)
	at org.scalatest.tools.Framework$ScalaTestTask.execute(Framework.scala:480)
	at sbt.TestRunner.runTest$1(TestFramework.scala:106)
	at sbt.TestRunner.run(TestFramework.scala:117)
	at sbt.TestFramework$$anon$2$$anonfun$$lessinit$greater$1.$anonfun$apply$1(TestFramework.scala:262)
	at sbt.TestFramework$.sbt$TestFramework$$withContextLoader(TestFramework.scala:233)
	at sbt.TestFramework$$anon$2$$anonfun$$lessinit$greater$1.apply(TestFramework.scala:262)
	at sbt.TestFramework$$anon$2$$anonfun$$lessinit$greater$1.apply(TestFramework.scala:262)
	at sbt.TestFunction.apply(TestFramework.scala:271)
	at sbt.Tests$.processRunnable$1(Tests.scala:307)
	at sbt.Tests$.$anonfun$makeSerial$1(Tests.scala:313)
	at sbt.std.Transform$$anon$3.$anonfun$apply$2(System.scala:46)
	at sbt.std.Transform$$anon$4.work(System.scala:66)
	at sbt.Execute.$anonfun$submit$2(Execute.scala:263)
	at sbt.internal.util.ErrorHandling$.wideConvert(ErrorHandling.scala:16)
	at sbt.Execute.work(Execute.scala:272)
	at sbt.Execute.$anonfun$submit$1(Execute.scala:263)
	at sbt.ConcurrentRestrictions$$anon$4.$anonfun$submitValid$1(ConcurrentRestrictions.scala:174)
	at sbt.CompletionService$$anon$2.call(CompletionService.scala:37)
	at java.util.concurrent.FutureTask.run(FutureTask.java:266)
	at java.util.concurrent.Executors$RunnableAdapter.call(Executors.java:511)
	at java.util.concurrent.FutureTask.run(FutureTask.java:266)
	at java.util.concurrent.ThreadPoolExecutor.runWorker(ThreadPoolExecutor.java:1149)
	at java.util.concurrent.ThreadPoolExecutor$Worker.run(ThreadPoolExecutor.java:624)
	at java.lang.Thread.run(Thread.java:748)
</failure>
                                               </testcase><testcase classname="kvstore.KVStoreSuite" name="Step6-case3: Primary must stop replication to removed replicas and waive their outstanding acknowledgements" time="3.027">
                                                 <failure message="assertion failed: timeout (3 seconds) during expectMsg while waiting for Snapshot(k1,Some(v1),0)" type="java.lang.AssertionError">java.lang.AssertionError: assertion failed: timeout (3 seconds) during expectMsg while waiting for Snapshot(k1,Some(v1),0)
	at scala.Predef$.assert(Predef.scala:170)
	at akka.testkit.TestKitBase$class.expectMsg_internal(TestKit.scala:402)
	at akka.testkit.TestKitBase$class.expectMsg(TestKit.scala:379)
	at akka.testkit.TestKit.expectMsg(TestKit.scala:896)
	at kvstore.Step6_NewSecondarySpec$$anonfun$3.apply$mcV$sp(Step6_NewSecondarySpec.scala:70)
	at kvstore.Step6_NewSecondarySpec$$anonfun$3.apply(Step6_NewSecondarySpec.scala:59)
	at kvstore.Step6_NewSecondarySpec$$anonfun$3.apply(Step6_NewSecondarySpec.scala:59)
	at org.scalatest.OutcomeOf$class.outcomeOf(OutcomeOf.scala:85)
	at org.scalatest.OutcomeOf$.outcomeOf(OutcomeOf.scala:104)
	at org.scalatest.Transformer.apply(Transformer.scala:22)
	at org.scalatest.Transformer.apply(Transformer.scala:20)
	at org.scalatest.FunSuiteLike$$anon$1.apply(FunSuiteLike.scala:186)
	at org.scalatest.TestSuite$class.withFixture(TestSuite.scala:196)
	at kvstore.KVStoreSuite.withFixture(KVStoreSuite.scala:7)
	at org.scalatest.FunSuiteLike$class.invokeWithFixture$1(FunSuiteLike.scala:183)
	at org.scalatest.FunSuiteLike$$anonfun$runTest$1.apply(FunSuiteLike.scala:196)
	at org.scalatest.FunSuiteLike$$anonfun$runTest$1.apply(FunSuiteLike.scala:196)
	at org.scalatest.SuperEngine.runTestImpl(Engine.scala:289)
	at org.scalatest.FunSuiteLike$class.runTest(FunSuiteLike.scala:196)
	at kvstore.KVStoreSuite.runTest(KVStoreSuite.scala:7)
	at org.scalatest.FunSuiteLike$$anonfun$runTests$1.apply(FunSuiteLike.scala:229)
	at org.scalatest.FunSuiteLike$$anonfun$runTests$1.apply(FunSuiteLike.scala:229)
	at org.scalatest.SuperEngine$$anonfun$traverseSubNodes$1$1.apply(Engine.scala:396)
	at org.scalatest.SuperEngine$$anonfun$traverseSubNodes$1$1.apply(Engine.scala:384)
	at scala.collection.immutable.List.foreach(List.scala:392)
	at org.scalatest.SuperEngine.traverseSubNodes$1(Engine.scala:384)
	at org.scalatest.SuperEngine.org$scalatest$SuperEngine$$runTestsInBranch(Engine.scala:379)
	at org.scalatest.SuperEngine.runTestsImpl(Engine.scala:461)
	at org.scalatest.FunSuiteLike$class.runTests(FunSuiteLike.scala:229)
	at kvstore.KVStoreSuite.runTests(KVStoreSuite.scala:7)
	at org.scalatest.Suite$class.run(Suite.scala:1147)
	at kvstore.KVStoreSuite.org$scalatest$FunSuiteLike$$super$run(KVStoreSuite.scala:7)
	at org.scalatest.FunSuiteLike$$anonfun$run$1.apply(FunSuiteLike.scala:233)
	at org.scalatest.FunSuiteLike$$anonfun$run$1.apply(FunSuiteLike.scala:233)
	at org.scalatest.SuperEngine.runImpl(Engine.scala:521)
	at org.scalatest.FunSuiteLike$class.run(FunSuiteLike.scala:233)
	at kvstore.KVStoreSuite.org$scalatest$BeforeAndAfterAll$$super$run(KVStoreSuite.scala:7)
	at org.scalatest.BeforeAndAfterAll$class.liftedTree1$1(BeforeAndAfterAll.scala:213)
	at org.scalatest.BeforeAndAfterAll$class.run(BeforeAndAfterAll.scala:210)
	at kvstore.KVStoreSuite.run(KVStoreSuite.scala:7)
	at org.scalatest.tools.Framework.org$scalatest$tools$Framework$$runSuite(Framework.scala:314)
	at org.scalatest.tools.Framework$ScalaTestTask.execute(Framework.scala:480)
	at sbt.TestRunner.runTest$1(TestFramework.scala:106)
	at sbt.TestRunner.run(TestFramework.scala:117)
	at sbt.TestFramework$$anon$2$$anonfun$$lessinit$greater$1.$anonfun$apply$1(TestFramework.scala:262)
	at sbt.TestFramework$.sbt$TestFramework$$withContextLoader(TestFramework.scala:233)
	at sbt.TestFramework$$anon$2$$anonfun$$lessinit$greater$1.apply(TestFramework.scala:262)
	at sbt.TestFramework$$anon$2$$anonfun$$lessinit$greater$1.apply(TestFramework.scala:262)
	at sbt.TestFunction.apply(TestFramework.scala:271)
	at sbt.Tests$.processRunnable$1(Tests.scala:307)
	at sbt.Tests$.$anonfun$makeSerial$1(Tests.scala:313)
	at sbt.std.Transform$$anon$3.$anonfun$apply$2(System.scala:46)
	at sbt.std.Transform$$anon$4.work(System.scala:66)
	at sbt.Execute.$anonfun$submit$2(Execute.scala:263)
	at sbt.internal.util.ErrorHandling$.wideConvert(ErrorHandling.scala:16)
	at sbt.Execute.work(Execute.scala:272)
	at sbt.Execute.$anonfun$submit$1(Execute.scala:263)
	at sbt.ConcurrentRestrictions$$anon$4.$anonfun$submitValid$1(ConcurrentRestrictions.scala:174)
	at sbt.CompletionService$$anon$2.call(CompletionService.scala:37)
	at java.util.concurrent.FutureTask.run(FutureTask.java:266)
	at java.util.concurrent.Executors$RunnableAdapter.call(Executors.java:511)
	at java.util.concurrent.FutureTask.run(FutureTask.java:266)
	at java.util.concurrent.ThreadPoolExecutor.runWorker(ThreadPoolExecutor.java:1149)
	at java.util.concurrent.ThreadPoolExecutor$Worker.run(ThreadPoolExecutor.java:624)
	at java.lang.Thread.run(Thread.java:748)
</failure>
                                               </testcase>
                     <system-out><![CDATA[]]></system-out>
                     <system-err><![CDATA[]]></system-err>
                   </testsuite>